#
# There is insufficient memory for the Java Runtime Environment to continue.
# Native memory allocation (malloc) failed to allocate 1824432 bytes. Error detail: Chunk::new
# Possible reasons:
#   The system is out of physical RAM or swap space
#   This process is running with CompressedOops enabled, and the Java Heap may be blocking the growth of the native heap
# Possible solutions:
#   Reduce memory load on the system
#   Increase physical memory or swap space
#   Check if swap backing store is full
#   Decrease Java heap size (-Xmx/-Xms)
#   Decrease number of Java threads
#   Decrease Java thread stack sizes (-Xss)
#   Set larger code cache with -XX:ReservedCodeCacheSize=
#   JVM is running with Unscaled Compressed Oops mode in which the Java heap is
#     placed in the first 4GB address space. The Java Heap base address is the
#     maximum limit for the native heap growth. Please use -XX:HeapBaseMinAddress
#     to set the Java Heap base and to place the Java Heap above 4GB virtual address.
# This output file may be truncated or incomplete.
#
#  Out of Memory Error (arena.cpp:168), pid=29828, tid=31488
#
# JRE version: OpenJDK Runtime Environment Temurin-21.0.10+7 (21.0.10+7) (build 21.0.10+7-LTS)
# Java VM: OpenJDK 64-Bit Server VM Temurin-21.0.10+7 (21.0.10+7-LTS, mixed mode, sharing, tiered, compressed oops, compressed class ptrs, parallel gc, windows-amd64)
# No core dump will be written. Minidumps are not enabled by default on client versions of Windows
#

---------------  S U M M A R Y ------------

Command Line: --add-modules=ALL-SYSTEM --add-opens=java.base/java.util=ALL-UNNAMED --add-opens=java.base/java.lang=ALL-UNNAMED --add-opens=java.base/sun.nio.fs=ALL-UNNAMED -Declipse.application=org.eclipse.jdt.ls.core.id1 -Dosgi.bundles.defaultStartLevel=4 -Declipse.product=org.eclipse.jdt.ls.core.product -Djava.import.generatesMetadataFilesAtProjectRoot=false -DDetectVMInstallationsJob.disabled=true -Dfile.encoding=utf8 -XX:+UseParallelGC -XX:GCTimeRatio=4 -XX:AdaptiveSizePolicyWeight=90 -Dsun.zip.disableMemoryMapping=true -Xmx2G -Xms100m -Xlog:disable -javaagent:c:\Users\Administrator\.antigravity\extensions\redhat.java-1.53.0-win32-x64\lombok\lombok-1.18.39-4050.jar -XX:+HeapDumpOnOutOfMemoryError -XX:HeapDumpPath=c:\Users\Administrator\AppData\Roaming\Antigravity\User\workspaceStorage\850beaf2ee5b814d691501917badf9ed\redhat.java -Daether.dependencyCollector.impl=bf c:\Users\Administrator\.antigravity\extensions\redhat.java-1.53.0-win32-x64\server\plugins\org.eclipse.equinox.launcher_1.7.100.v20251111-0406.jar -configuration c:\Users\Administrator\AppData\Roaming\Antigravity\User\globalStorage\redhat.java\1.53.0\config_win -data c:\Users\Administrator\AppData\Roaming\Antigravity\User\workspaceStorage\850beaf2ee5b814d691501917badf9ed\redhat.java\jdt_ws --pipe=\\.\pipe\lsp-2c351b3f6d99cca251a980700f0dbbec-sock

Host: AMD Ryzen 7 2700X Eight-Core Processor         , 16 cores, 15G,  Windows 11 , 64 bit Build 22621 (10.0.22621.1635)
Time: Wed Mar 25 00:50:47 2026 elapsed time: 5.886874 seconds (0d 0h 0m 5s)

---------------  T H R E A D  ---------------

Current thread (0x000002a66a0a88b0):  JavaThread "C2 CompilerThread1" daemon [_thread_in_native, id=31488, stack(0x000000a7d7d00000,0x000000a7d7e00000) (1024K)]


Current CompileTask:
C2:5886 5630       4       java.lang.invoke.MethodType::makeImpl (109 bytes)

Stack: [0x000000a7d7d00000,0x000000a7d7e00000]
Native frames: (J=compiled Java code, j=interpreted, Vv=VM code, C=native code)
V  [jvm.dll+0x6d7a39]
V  [jvm.dll+0x8b4b26]
V  [jvm.dll+0x8b70de]
V  [jvm.dll+0x8b77c3]
V  [jvm.dll+0x284346]
V  [jvm.dll+0xc66ed]
V  [jvm.dll+0xc6c31]
V  [jvm.dll+0x3bec3b]
V  [jvm.dll+0x38b162]
V  [jvm.dll+0x38a5aa]
V  [jvm.dll+0x24c560]
V  [jvm.dll+0x24bb40]
V  [jvm.dll+0x1cb34e]
V  [jvm.dll+0x25b85d]
V  [jvm.dll+0x259dea]
V  [jvm.dll+0x3f857e]
V  [jvm.dll+0x85f59d]
V  [jvm.dll+0x6d626d]
C  [ucrtbase.dll+0x29363]
C  [KERNEL32.DLL+0x126ad]
C  [ntdll.dll+0x5a9f8]


---------------  P R O C E S S  ---------------

Threads class SMR info:
_java_thread_list=0x000002a671f81380, length=50, elements={
0x000002a651f1c910, 0x000002a6689cb0a0, 0x000002a6689cbe10, 0x000002a669f77700,
0x000002a669f769e0, 0x000002a669f77070, 0x000002a669f75cc0, 0x000002a669f83820,
0x000002a669f84cc0, 0x000002a66a07e250, 0x000002a66a082910, 0x000002a66a0a88b0,
0x000002a669f76350, 0x000002a66a24e1f0, 0x000002a669f74fa0, 0x000002a669f77d90,
0x000002a669f75630, 0x000002a669f78420, 0x000002a670357080, 0x000002a670356360,
0x000002a67035ab90, 0x000002a67035a500, 0x000002a670358ac0, 0x000002a670358430,
0x000002a670359150, 0x000002a670357710, 0x000002a6703597e0, 0x000002a670359e70,
0x000002a670357da0, 0x000002a6703569f0, 0x000002a670353c00, 0x000002a67035b220,
0x000002a670354290, 0x000002a670354920, 0x000002a670354fb0, 0x000002a670355640,
0x000002a670355cd0, 0x000002a6715767c0, 0x000002a671573340, 0x000002a671576e50,
0x000002a671572cb0, 0x000002a671574060, 0x000002a671575410, 0x000002a671575aa0,
0x000002a671574d80, 0x000002a671576130, 0x000002a6715739d0, 0x000002a6715774e0,
0x000002a671578890, 0x000002a6715746f0
}

Java Threads: ( => current thread )
  0x000002a651f1c910 JavaThread "main"                              [_thread_blocked, id=29156, stack(0x000000a7d6f00000,0x000000a7d7000000) (1024K)]
  0x000002a6689cb0a0 JavaThread "Reference Handler"          daemon [_thread_blocked, id=31264, stack(0x000000a7d7300000,0x000000a7d7400000) (1024K)]
  0x000002a6689cbe10 JavaThread "Finalizer"                  daemon [_thread_blocked, id=18936, stack(0x000000a7d7400000,0x000000a7d7500000) (1024K)]
  0x000002a669f77700 JavaThread "Signal Dispatcher"          daemon [_thread_blocked, id=7292, stack(0x000000a7d7500000,0x000000a7d7600000) (1024K)]
  0x000002a669f769e0 JavaThread "Attach Listener"            daemon [_thread_blocked, id=26212, stack(0x000000a7d7600000,0x000000a7d7700000) (1024K)]
  0x000002a669f77070 JavaThread "Service Thread"             daemon [_thread_blocked, id=26488, stack(0x000000a7d7700000,0x000000a7d7800000) (1024K)]
  0x000002a669f75cc0 JavaThread "Monitor Deflation Thread"   daemon [_thread_blocked, id=8228, stack(0x000000a7d7800000,0x000000a7d7900000) (1024K)]
  0x000002a669f83820 JavaThread "C2 CompilerThread0"         daemon [_thread_in_native, id=30108, stack(0x000000a7d7900000,0x000000a7d7a00000) (1024K)]
  0x000002a669f84cc0 JavaThread "C1 CompilerThread0"         daemon [_thread_blocked, id=29652, stack(0x000000a7d7a00000,0x000000a7d7b00000) (1024K)]
  0x000002a66a07e250 JavaThread "C1 CompilerThread1"         daemon [_thread_blocked, id=27864, stack(0x000000a7d7b00000,0x000000a7d7c00000) (1024K)]
  0x000002a66a082910 JavaThread "C1 CompilerThread2"         daemon [_thread_blocked, id=31656, stack(0x000000a7d7c00000,0x000000a7d7d00000) (1024K)]
=>0x000002a66a0a88b0 JavaThread "C2 CompilerThread1"         daemon [_thread_in_native, id=31488, stack(0x000000a7d7d00000,0x000000a7d7e00000) (1024K)]
  0x000002a669f76350 JavaThread "Common-Cleaner"             daemon [_thread_blocked, id=29468, stack(0x000000a7d7e00000,0x000000a7d7f00000) (1024K)]
  0x000002a66a24e1f0 JavaThread "C1 CompilerThread3"         daemon [_thread_blocked, id=31424, stack(0x000000a7d7f00000,0x000000a7d8000000) (1024K)]
  0x000002a669f74fa0 JavaThread "Notification Thread"        daemon [_thread_blocked, id=30332, stack(0x000000a7d8000000,0x000000a7d8100000) (1024K)]
  0x000002a669f77d90 JavaThread "Active Thread: Equinox Container: 057c485c-73ee-4726-a5c5-b6848236fee9"        [_thread_blocked, id=26792, stack(0x000000a7d8900000,0x000000a7d8a00000) (1024K)]
  0x000002a669f75630 JavaThread "Refresh Thread: Equinox Container: 057c485c-73ee-4726-a5c5-b6848236fee9" daemon [_thread_blocked, id=26404, stack(0x000000a7d8b00000,0x000000a7d8c00000) (1024K)]
  0x000002a669f78420 JavaThread "Framework Event Dispatcher: Equinox Container: 057c485c-73ee-4726-a5c5-b6848236fee9" daemon [_thread_blocked, id=2524, stack(0x000000a7d8c00000,0x000000a7d8d00000) (1024K)]
  0x000002a670357080 JavaThread "Start Level: Equinox Container: 057c485c-73ee-4726-a5c5-b6848236fee9" daemon [_thread_blocked, id=29992, stack(0x000000a7d8d00000,0x000000a7d8e00000) (1024K)]
  0x000002a670356360 JavaThread "Bundle File Closer"         daemon [_thread_blocked, id=28400, stack(0x000000a7d9100000,0x000000a7d9200000) (1024K)]
  0x000002a67035ab90 JavaThread "SCR Component Actor"        daemon [_thread_blocked, id=2404, stack(0x000000a7d9200000,0x000000a7d9300000) (1024K)]
  0x000002a67035a500 JavaThread "Worker-JM"                         [_thread_blocked, id=29304, stack(0x000000a7d9300000,0x000000a7d9400000) (1024K)]
  0x000002a670358ac0 JavaThread "JNA Cleaner"                daemon [_thread_blocked, id=23620, stack(0x000000a7d9500000,0x000000a7d9600000) (1024K)]
  0x000002a670358430 JavaThread "Worker-0: Initialize After Load"        [_thread_blocked, id=14536, stack(0x000000a7d8100000,0x000000a7d8200000) (1024K)]
  0x000002a670359150 JavaThread "Worker-1: Loading available Gradle versions"        [_thread_in_native, id=29636, stack(0x000000a7d9600000,0x000000a7d9700000) (1024K)]
  0x000002a670357710 JavaThread "Java indexing"              daemon [_thread_blocked, id=9596, stack(0x000000a7d9700000,0x000000a7d9800000) (1024K)]
  0x000002a6703597e0 JavaThread "Worker-2"                          [_thread_blocked, id=25124, stack(0x000000a7d9a00000,0x000000a7d9b00000) (1024K)]
  0x000002a670359e70 JavaThread "Worker-3: Updating Maven Dependencies"        [_thread_in_Java, id=14340, stack(0x000000a7d9b00000,0x000000a7d9c00000) (1024K)]
  0x000002a670357da0 JavaThread "Thread-1"                   daemon [_thread_in_native, id=31200, stack(0x000000a7d9c00000,0x000000a7d9d00000) (1024K)]
  0x000002a6703569f0 JavaThread "Thread-2"                   daemon [_thread_in_native, id=31540, stack(0x000000a7d9d00000,0x000000a7d9e00000) (1024K)]
  0x000002a670353c00 JavaThread "Thread-3"                   daemon [_thread_in_native, id=11884, stack(0x000000a7d9e00000,0x000000a7d9f00000) (1024K)]
  0x000002a67035b220 JavaThread "Thread-4"                   daemon [_thread_in_native, id=31708, stack(0x000000a7d9f00000,0x000000a7da000000) (1024K)]
  0x000002a670354290 JavaThread "Thread-5"                   daemon [_thread_in_native, id=31248, stack(0x000000a7da000000,0x000000a7da100000) (1024K)]
  0x000002a670354920 JavaThread "Thread-6"                   daemon [_thread_in_native, id=2548, stack(0x000000a7da100000,0x000000a7da200000) (1024K)]
  0x000002a670354fb0 JavaThread "Thread-7"                   daemon [_thread_in_native, id=19532, stack(0x000000a7da200000,0x000000a7da300000) (1024K)]
  0x000002a670355640 JavaThread "Thread-8"                   daemon [_thread_in_native, id=31724, stack(0x000000a7da300000,0x000000a7da400000) (1024K)]
  0x000002a670355cd0 JavaThread "Thread-9"                   daemon [_thread_in_native, id=21720, stack(0x000000a7da400000,0x000000a7da500000) (1024K)]
  0x000002a6715767c0 JavaThread "Thread-10"                  daemon [_thread_in_native, id=30732, stack(0x000000a7da500000,0x000000a7da600000) (1024K)]
  0x000002a671573340 JavaThread "Thread-11"                  daemon [_thread_in_native, id=28188, stack(0x000000a7da600000,0x000000a7da700000) (1024K)]
  0x000002a671576e50 JavaThread "Thread-12"                  daemon [_thread_in_native, id=30540, stack(0x000000a7da700000,0x000000a7da800000) (1024K)]
  0x000002a671572cb0 JavaThread "Thread-13"                  daemon [_thread_in_native, id=29964, stack(0x000000a7da800000,0x000000a7da900000) (1024K)]
  0x000002a671574060 JavaThread "Thread-14"                  daemon [_thread_in_native, id=14348, stack(0x000000a7da900000,0x000000a7daa00000) (1024K)]
  0x000002a671575410 JavaThread "Thread-15"                  daemon [_thread_in_native, id=19756, stack(0x000000a7daa00000,0x000000a7dab00000) (1024K)]
  0x000002a671575aa0 JavaThread "Thread-16"                  daemon [_thread_in_native, id=3768, stack(0x000000a7dab00000,0x000000a7dac00000) (1024K)]
  0x000002a671574d80 JavaThread "Thread-17"                  daemon [_thread_in_native, id=13556, stack(0x000000a7dac00000,0x000000a7dad00000) (1024K)]
  0x000002a671576130 JavaThread "Worker-4: Repository registry initialization"        [_thread_blocked, id=15900, stack(0x000000a7dad00000,0x000000a7dae00000) (1024K)]
  0x000002a6715739d0 JavaThread "pool-2-thread-1"                   [_thread_blocked, id=28740, stack(0x000000a7dae00000,0x000000a7daf00000) (1024K)]
  0x000002a6715774e0 JavaThread "Worker-5"                          [_thread_blocked, id=5624, stack(0x000000a7daf00000,0x000000a7db000000) (1024K)]
  0x000002a671578890 JavaThread "WorkspaceEventsHandler"            [_thread_blocked, id=31300, stack(0x000000a7db100000,0x000000a7db200000) (1024K)]
  0x000002a6715746f0 JavaThread "pool-1-thread-1"                   [_thread_blocked, id=30724, stack(0x000000a7db200000,0x000000a7db300000) (1024K)]
Total: 50

Other Threads:
  0x000002a6689b40a0 VMThread "VM Thread"                           [id=14200, stack(0x000000a7d7200000,0x000000a7d7300000) (1024K)]
  0x000002a6688acbe0 WatcherThread "VM Periodic Task Thread"        [id=27664, stack(0x000000a7d7100000,0x000000a7d7200000) (1024K)]
  0x000002a651f3abd0 WorkerThread "GC Thread#0"                     [id=29372, stack(0x000000a7d7000000,0x000000a7d7100000) (1024K)]
  0x000002a66bc9ef60 WorkerThread "GC Thread#1"                     [id=7256, stack(0x000000a7d8200000,0x000000a7d8300000) (1024K)]
  0x000002a670019980 WorkerThread "GC Thread#2"                     [id=14352, stack(0x000000a7d8300000,0x000000a7d8400000) (1024K)]
  0x000002a670111510 WorkerThread "GC Thread#3"                     [id=31056, stack(0x000000a7d8400000,0x000000a7d8500000) (1024K)]
  0x000002a66bc9c130 WorkerThread "GC Thread#4"                     [id=15000, stack(0x000000a7d8500000,0x000000a7d8600000) (1024K)]
  0x000002a6700b08c0 WorkerThread "GC Thread#5"                     [id=15708, stack(0x000000a7d8600000,0x000000a7d8700000) (1024K)]
  0x000002a6703169b0 WorkerThread "GC Thread#6"                     [id=27376, stack(0x000000a7d8700000,0x000000a7d8800000) (1024K)]
  0x000002a6701c7a30 WorkerThread "GC Thread#7"                     [id=14464, stack(0x000000a7d8a00000,0x000000a7d8b00000) (1024K)]
  0x000002a670920840 WorkerThread "GC Thread#8"                     [id=26744, stack(0x000000a7d8e00000,0x000000a7d8f00000) (1024K)]
  0x000002a67066b130 WorkerThread "GC Thread#9"                     [id=23488, stack(0x000000a7d8f00000,0x000000a7d9000000) (1024K)]
  0x000002a67066b4e0 WorkerThread "GC Thread#10"                    [id=19112, stack(0x000000a7d9000000,0x000000a7d9100000) (1024K)]
  0x000002a670dfb720 WorkerThread "GC Thread#11"                    [id=29896, stack(0x000000a7d8800000,0x000000a7d8900000) (1024K)]
  0x000002a67099a4b0 WorkerThread "GC Thread#12"                    [id=17516, stack(0x000000a7d9400000,0x000000a7d9500000) (1024K)]
Total: 15

Threads with active compile tasks:
C2 CompilerThread0  5912 5552   !   4       sun.nio.cs.StreamDecoder::read (78 bytes)
C2 CompilerThread1  5912 5630       4       java.lang.invoke.MethodType::makeImpl (109 bytes)
Total: 2

VM state: not at safepoint (normal execution)

VM Mutex/Monitor currently owned by a thread: None

Heap address: 0x0000000080000000, size: 2048 MB, Compressed Oops mode: 32-bit

CDS archive(s) mapped at: [0x000002a600000000-0x000002a600ba0000-0x000002a600ba0000), size 12189696, SharedBaseAddress: 0x000002a600000000, ArchiveRelocationMode: 1.
Compressed class space mapped at: 0x000002a601000000-0x000002a641000000, reserved size: 1073741824
Narrow klass base: 0x000002a600000000, Narrow klass shift: 0, Narrow klass range: 0x100000000

GC Precious Log:
 CardTable entry size: 512
 CPUs: 16 total, 16 available
 Memory: 16332M
 Large Page Support: Disabled
 NUMA Support: Disabled
 Compressed Oops: Enabled (32-bit)
 Alignments: Space 512K, Generation 512K, Heap 2M
 Heap Min Capacity: 100M
 Heap Initial Capacity: 100M
 Heap Max Capacity: 2G
 Pre-touch: Disabled
 Parallel Workers: 13

Heap:
 PSYoungGen      total 23040K, used 21885K [0x00000000d5580000, 0x00000000d6d00000, 0x0000000100000000)
  eden space 22016K, 95% used [0x00000000d5580000,0x00000000d6a0f400,0x00000000d6b00000)
  from space 1024K, 81% used [0x00000000d6b00000,0x00000000d6bd0000,0x00000000d6c00000)
  to   space 1024K, 0% used [0x00000000d6c00000,0x00000000d6c00000,0x00000000d6d00000)
 ParOldGen       total 68608K, used 23755K [0x0000000080000000, 0x0000000084300000, 0x00000000d5580000)
  object space 68608K, 34% used [0x0000000080000000,0x0000000081732e10,0x0000000084300000)
 Metaspace       used 42892K, committed 43968K, reserved 1114112K
  class space    used 4575K, committed 5056K, reserved 1048576K

Card table byte_map: [0x000002a6518c0000,0x000002a651cd0000] _byte_map_base: 0x000002a6514c0000

Marking Bits: (ParMarkBitMap*) 0x00007ffe306b3450
 Begin Bits: [0x000002a6643d0000, 0x000002a6663d0000)
 End Bits:   [0x000002a6663d0000, 0x000002a6683d0000)

Polling page: 0x000002a64fef0000

Metaspace:

Usage:
  Non-class:     37.42 MB used.
      Class:      4.47 MB used.
       Both:     41.89 MB used.

Virtual space:
  Non-class space:       64.00 MB reserved,      38.00 MB ( 59%) committed,  1 nodes.
      Class space:        1.00 GB reserved,       4.94 MB ( <1%) committed,  1 nodes.
             Both:        1.06 GB reserved,      42.94 MB (  4%) committed. 

Chunk freelists:
   Non-Class:  9.22 MB
       Class:  10.98 MB
        Both:  20.20 MB

MaxMetaspaceSize: unlimited
CompressedClassSpaceSize: 1.00 GB
Initial GC threshold: 21.00 MB
Current GC threshold: 58.38 MB
CDS: on
 - commit_granule_bytes: 65536.
 - commit_granule_words: 8192.
 - virtual_space_node_default_size: 8388608.
 - enlarge_chunks_in_place: 1.
 - use_allocation_guard: 0.


Internal statistics:

num_allocs_failed_limit: 6.
num_arena_births: 766.
num_arena_deaths: 20.
num_vsnodes_births: 2.
num_vsnodes_deaths: 0.
num_space_committed: 686.
num_space_uncommitted: 0.
num_chunks_returned_to_freelist: 29.
num_chunks_taken_from_freelist: 2571.
num_chunk_merges: 8.
num_chunk_splits: 1593.
num_chunks_enlarged: 951.
num_inconsistent_stats: 0.

CodeHeap 'non-profiled nmethods': size=119168Kb used=2323Kb max_used=2404Kb free=116844Kb
 bounds [0x000002a65ccc0000, 0x000002a65cf40000, 0x000002a664120000]
CodeHeap 'profiled nmethods': size=119104Kb used=11171Kb max_used=11360Kb free=107932Kb
 bounds [0x000002a655120000, 0x000002a655c40000, 0x000002a65c570000]
CodeHeap 'non-nmethods': size=7488Kb used=3068Kb max_used=3153Kb free=4420Kb
 bounds [0x000002a65c570000, 0x000002a65c890000, 0x000002a65ccc0000]
CodeCache: size=245760Kb, used=16562Kb, max_used=16917Kb, free=229196Kb
 total_blobs=6017, nmethods=5336, adapters=584, full_count=0
Compilation: enabled, stopped_count=0, restarted_count=0

Compilation events (20 events):
Event: 5.862 Thread 0x000002a669f84cc0 nmethod 5953 0x000002a655165410 code [0x000002a6551655c0, 0x000002a655165780]
Event: 5.868 Thread 0x000002a669f84cc0 5954   !   3       org.eclipse.osgi.container.ModuleDatabase::getWiring (31 bytes)
Event: 5.869 Thread 0x000002a669f84cc0 nmethod 5954 0x000002a655164190 code [0x000002a655164400, 0x000002a655164ef0]
Event: 5.874 Thread 0x000002a669f84cc0 5955       2       java.lang.reflect.AccessibleObject::isAnnotationPresent (6 bytes)
Event: 5.874 Thread 0x000002a669f84cc0 nmethod 5955 0x000002a6558fef10 code [0x000002a6558ff0c0, 0x000002a6558ff200]
Event: 5.882 Thread 0x000002a669f84cc0 5956       2       com.google.common.collect.ImmutableList::iterator (5 bytes)
Event: 5.882 Thread 0x000002a66a082910 5957       2       com.google.common.collect.ImmutableList::listIterator (6 bytes)
Event: 5.882 Thread 0x000002a66a24e1f0 5958       2       com.google.common.collect.RegularImmutableList::listIterator (9 bytes)
Event: 5.882 Thread 0x000002a669f84cc0 nmethod 5956 0x000002a6558feb10 code [0x000002a6558fecc0, 0x000002a6558fedf8]
Event: 5.882 Thread 0x000002a66a082910 nmethod 5957 0x000002a6558fe790 code [0x000002a6558fe940, 0x000002a6558fea78]
Event: 5.882 Thread 0x000002a66a24e1f0 nmethod 5958 0x000002a6558fe210 code [0x000002a6558fe3c0, 0x000002a6558fe608]
Event: 5.882 Thread 0x000002a66a24e1f0 5959       2       java.lang.reflect.Constructor::getAnnotation (6 bytes)
Event: 5.882 Thread 0x000002a66a07e250 5960       2       com.google.common.collect.ImmutableList::iterator (5 bytes)
Event: 5.882 Thread 0x000002a66a07e250 nmethod 5960 0x000002a6558fde90 code [0x000002a6558fe040, 0x000002a6558fe170]
Event: 5.883 Thread 0x000002a66a24e1f0 nmethod 5959 0x000002a6558fd710 code [0x000002a6558fd900, 0x000002a6558fdc90]
Event: 5.883 Thread 0x000002a66a24e1f0 5961       1       java.lang.reflect.Constructor::getAnnotationBytes (5 bytes)
Event: 5.883 Thread 0x000002a66a24e1f0 nmethod 5961 0x000002a65cded290 code [0x000002a65cded420, 0x000002a65cded4e8]
Event: 5.883 Thread 0x000002a66a24e1f0 5962       3       com.google.inject.internal.MoreTypes::canonicalize (143 bytes)
Event: 5.883 Thread 0x000002a669f84cc0 5963       2       org.objectweb.asm.SymbolTable::get (13 bytes)
Event: 5.883 Thread 0x000002a669f84cc0 nmethod 5963 0x000002a6558fd310 code [0x000002a6558fd4a0, 0x000002a6558fd5f0]

GC Heap History (20 events):
Event: 4.084 GC heap before
{Heap before GC invocations=10 (full 1):
 PSYoungGen      total 27136K, used 22016K [0x00000000d5580000, 0x00000000d7680000, 0x0000000100000000)
  eden space 22016K, 100% used [0x00000000d5580000,0x00000000d6b00000,0x00000000d6b00000)
  from space 5120K, 0% used [0x00000000d7180000,0x00000000d7180000,0x00000000d7680000)
  to   space 5632K, 0% used [0x00000000d6b80000,0x00000000d6b80000,0x00000000d7100000)
 ParOldGen       total 68608K, used 16332K [0x0000000080000000, 0x0000000084300000, 0x00000000d5580000)
  object space 68608K, 23% used [0x0000000080000000,0x0000000080ff3308,0x0000000084300000)
 Metaspace       used 22408K, committed 23232K, reserved 1114112K
  class space    used 2297K, committed 2624K, reserved 1048576K
}
Event: 4.086 GC heap after
{Heap after GC invocations=10 (full 1):
 PSYoungGen      total 25600K, used 3236K [0x00000000d5580000, 0x00000000d7300000, 0x0000000100000000)
  eden space 22016K, 0% used [0x00000000d5580000,0x00000000d5580000,0x00000000d6b00000)
  from space 3584K, 90% used [0x00000000d6b80000,0x00000000d6ea90b0,0x00000000d6f00000)
  to   space 4096K, 0% used [0x00000000d6f00000,0x00000000d6f00000,0x00000000d7300000)
 ParOldGen       total 68608K, used 16340K [0x0000000080000000, 0x0000000084300000, 0x00000000d5580000)
  object space 68608K, 23% used [0x0000000080000000,0x0000000080ff5308,0x0000000084300000)
 Metaspace       used 22408K, committed 23232K, reserved 1114112K
  class space    used 2297K, committed 2624K, reserved 1048576K
}
Event: 4.228 GC heap before
{Heap before GC invocations=11 (full 1):
 PSYoungGen      total 25600K, used 25252K [0x00000000d5580000, 0x00000000d7300000, 0x0000000100000000)
  eden space 22016K, 100% used [0x00000000d5580000,0x00000000d6b00000,0x00000000d6b00000)
  from space 3584K, 90% used [0x00000000d6b80000,0x00000000d6ea90b0,0x00000000d6f00000)
  to   space 4096K, 0% used [0x00000000d6f00000,0x00000000d6f00000,0x00000000d7300000)
 ParOldGen       total 68608K, used 16340K [0x0000000080000000, 0x0000000084300000, 0x00000000d5580000)
  object space 68608K, 23% used [0x0000000080000000,0x0000000080ff5308,0x0000000084300000)
 Metaspace       used 25715K, committed 26560K, reserved 1114112K
  class space    used 2545K, committed 2880K, reserved 1048576K
}
Event: 4.229 GC heap after
{Heap after GC invocations=11 (full 1):
 PSYoungGen      total 25088K, used 2981K [0x00000000d5580000, 0x00000000d7200000, 0x0000000100000000)
  eden space 22016K, 0% used [0x00000000d5580000,0x00000000d5580000,0x00000000d6b00000)
  from space 3072K, 97% used [0x00000000d6f00000,0x00000000d71e9508,0x00000000d7200000)
  to   space 3584K, 0% used [0x00000000d6b00000,0x00000000d6b00000,0x00000000d6e80000)
 ParOldGen       total 68608K, used 16348K [0x0000000080000000, 0x0000000084300000, 0x00000000d5580000)
  object space 68608K, 23% used [0x0000000080000000,0x0000000080ff7308,0x0000000084300000)
 Metaspace       used 25715K, committed 26560K, reserved 1114112K
  class space    used 2545K, committed 2880K, reserved 1048576K
}
Event: 4.375 GC heap before
{Heap before GC invocations=12 (full 1):
 PSYoungGen      total 25088K, used 24997K [0x00000000d5580000, 0x00000000d7200000, 0x0000000100000000)
  eden space 22016K, 100% used [0x00000000d5580000,0x00000000d6b00000,0x00000000d6b00000)
  from space 3072K, 97% used [0x00000000d6f00000,0x00000000d71e9508,0x00000000d7200000)
  to   space 3584K, 0% used [0x00000000d6b00000,0x00000000d6b00000,0x00000000d6e80000)
 ParOldGen       total 68608K, used 16348K [0x0000000080000000, 0x0000000084300000, 0x00000000d5580000)
  object space 68608K, 23% used [0x0000000080000000,0x0000000080ff7308,0x0000000084300000)
 Metaspace       used 27309K, committed 28224K, reserved 1114112K
  class space    used 2646K, committed 3008K, reserved 1048576K
}
Event: 4.378 GC heap after
{Heap after GC invocations=12 (full 1):
 PSYoungGen      total 24576K, used 2175K [0x00000000d5580000, 0x00000000d7000000, 0x0000000100000000)
  eden space 22016K, 0% used [0x00000000d5580000,0x00000000d5580000,0x00000000d6b00000)
  from space 2560K, 84% used [0x00000000d6b00000,0x00000000d6d1fd80,0x00000000d6d80000)
  to   space 2560K, 0% used [0x00000000d6d80000,0x00000000d6d80000,0x00000000d7000000)
 ParOldGen       total 68608K, used 17080K [0x0000000080000000, 0x0000000084300000, 0x00000000d5580000)
  object space 68608K, 24% used [0x0000000080000000,0x00000000810ae2d0,0x0000000084300000)
 Metaspace       used 27309K, committed 28224K, reserved 1114112K
  class space    used 2646K, committed 3008K, reserved 1048576K
}
Event: 4.862 GC heap before
{Heap before GC invocations=13 (full 1):
 PSYoungGen      total 24576K, used 24191K [0x00000000d5580000, 0x00000000d7000000, 0x0000000100000000)
  eden space 22016K, 100% used [0x00000000d5580000,0x00000000d6b00000,0x00000000d6b00000)
  from space 2560K, 84% used [0x00000000d6b00000,0x00000000d6d1fd80,0x00000000d6d80000)
  to   space 2560K, 0% used [0x00000000d6d80000,0x00000000d6d80000,0x00000000d7000000)
 ParOldGen       total 68608K, used 17080K [0x0000000080000000, 0x0000000084300000, 0x00000000d5580000)
  object space 68608K, 24% used [0x0000000080000000,0x00000000810ae2d0,0x0000000084300000)
 Metaspace       used 30455K, committed 31424K, reserved 1114112K
  class space    used 2972K, committed 3392K, reserved 1048576K
}
Event: 4.864 GC heap after
{Heap after GC invocations=13 (full 1):
 PSYoungGen      total 24064K, used 1825K [0x00000000d5580000, 0x00000000d6f80000, 0x0000000100000000)
  eden space 22016K, 0% used [0x00000000d5580000,0x00000000d5580000,0x00000000d6b00000)
  from space 2048K, 89% used [0x00000000d6d80000,0x00000000d6f484a8,0x00000000d6f80000)
  to   space 2048K, 0% used [0x00000000d6b80000,0x00000000d6b80000,0x00000000d6d80000)
 ParOldGen       total 68608K, used 18933K [0x0000000080000000, 0x0000000084300000, 0x00000000d5580000)
  object space 68608K, 27% used [0x0000000080000000,0x000000008127d520,0x0000000084300000)
 Metaspace       used 30455K, committed 31424K, reserved 1114112K
  class space    used 2972K, committed 3392K, reserved 1048576K
}
Event: 4.980 GC heap before
{Heap before GC invocations=14 (full 1):
 PSYoungGen      total 24064K, used 23841K [0x00000000d5580000, 0x00000000d6f80000, 0x0000000100000000)
  eden space 22016K, 100% used [0x00000000d5580000,0x00000000d6b00000,0x00000000d6b00000)
  from space 2048K, 89% used [0x00000000d6d80000,0x00000000d6f484a8,0x00000000d6f80000)
  to   space 2048K, 0% used [0x00000000d6b80000,0x00000000d6b80000,0x00000000d6d80000)
 ParOldGen       total 68608K, used 18933K [0x0000000080000000, 0x0000000084300000, 0x00000000d5580000)
  object space 68608K, 27% used [0x0000000080000000,0x000000008127d520,0x0000000084300000)
 Metaspace       used 33302K, committed 34368K, reserved 1114112K
  class space    used 3307K, committed 3776K, reserved 1048576K
}
Event: 4.983 GC heap after
{Heap after GC invocations=14 (full 1):
 PSYoungGen      total 23552K, used 1440K [0x00000000d5580000, 0x00000000d6f00000, 0x0000000100000000)
  eden space 22016K, 0% used [0x00000000d5580000,0x00000000d5580000,0x00000000d6b00000)
  from space 1536K, 93% used [0x00000000d6b80000,0x00000000d6ce82d0,0x00000000d6d00000)
  to   space 2048K, 0% used [0x00000000d6d00000,0x00000000d6d00000,0x00000000d6f00000)
 ParOldGen       total 68608K, used 20582K [0x0000000080000000, 0x0000000084300000, 0x00000000d5580000)
  object space 68608K, 30% used [0x0000000080000000,0x00000000814199b8,0x0000000084300000)
 Metaspace       used 33302K, committed 34368K, reserved 1114112K
  class space    used 3307K, committed 3776K, reserved 1048576K
}
Event: 5.099 GC heap before
{Heap before GC invocations=15 (full 1):
 PSYoungGen      total 23552K, used 19578K [0x00000000d5580000, 0x00000000d6f00000, 0x0000000100000000)
  eden space 22016K, 82% used [0x00000000d5580000,0x00000000d67367e0,0x00000000d6b00000)
  from space 1536K, 93% used [0x00000000d6b80000,0x00000000d6ce82d0,0x00000000d6d00000)
  to   space 2048K, 0% used [0x00000000d6d00000,0x00000000d6d00000,0x00000000d6f00000)
 ParOldGen       total 68608K, used 20582K [0x0000000080000000, 0x0000000084300000, 0x00000000d5580000)
  object space 68608K, 30% used [0x0000000080000000,0x00000000814199b8,0x0000000084300000)
 Metaspace       used 34891K, committed 35840K, reserved 1114112K
  class space    used 3493K, committed 3904K, reserved 1048576K
}
Event: 5.101 GC heap after
{Heap after GC invocations=15 (full 1):
 PSYoungGen      total 24064K, used 1680K [0x00000000d5580000, 0x00000000d6f00000, 0x0000000100000000)
  eden space 22016K, 0% used [0x00000000d5580000,0x00000000d5580000,0x00000000d6b00000)
  from space 2048K, 82% used [0x00000000d6d00000,0x00000000d6ea4010,0x00000000d6f00000)
  to   space 2048K, 0% used [0x00000000d6b00000,0x00000000d6b00000,0x00000000d6d00000)
 ParOldGen       total 68608K, used 21848K [0x0000000080000000, 0x0000000084300000, 0x00000000d5580000)
  object space 68608K, 31% used [0x0000000080000000,0x0000000081556368,0x0000000084300000)
 Metaspace       used 34891K, committed 35840K, reserved 1114112K
  class space    used 3493K, committed 3904K, reserved 1048576K
}
Event: 5.101 GC heap before
{Heap before GC invocations=16 (full 2):
 PSYoungGen      total 24064K, used 1680K [0x00000000d5580000, 0x00000000d6f00000, 0x0000000100000000)
  eden space 22016K, 0% used [0x00000000d5580000,0x00000000d5580000,0x00000000d6b00000)
  from space 2048K, 82% used [0x00000000d6d00000,0x00000000d6ea4010,0x00000000d6f00000)
  to   space 2048K, 0% used [0x00000000d6b00000,0x00000000d6b00000,0x00000000d6d00000)
 ParOldGen       total 68608K, used 21848K [0x0000000080000000, 0x0000000084300000, 0x00000000d5580000)
  object space 68608K, 31% used [0x0000000080000000,0x0000000081556368,0x0000000084300000)
 Metaspace       used 34891K, committed 35840K, reserved 1114112K
  class space    used 3493K, committed 3904K, reserved 1048576K
}
Event: 5.134 GC heap after
{Heap after GC invocations=16 (full 2):
 PSYoungGen      total 24064K, used 0K [0x00000000d5580000, 0x00000000d6f00000, 0x0000000100000000)
  eden space 22016K, 0% used [0x00000000d5580000,0x00000000d5580000,0x00000000d6b00000)
  from space 2048K, 0% used [0x00000000d6d00000,0x00000000d6d00000,0x00000000d6f00000)
  to   space 2048K, 0% used [0x00000000d6b00000,0x00000000d6b00000,0x00000000d6d00000)
 ParOldGen       total 68608K, used 22435K [0x0000000080000000, 0x0000000084300000, 0x00000000d5580000)
  object space 68608K, 32% used [0x0000000080000000,0x00000000815e8df0,0x0000000084300000)
 Metaspace       used 34886K, committed 35840K, reserved 1114112K
  class space    used 3491K, committed 3904K, reserved 1048576K
}
Event: 5.288 GC heap before
{Heap before GC invocations=17 (full 2):
 PSYoungGen      total 24064K, used 22016K [0x00000000d5580000, 0x00000000d6f00000, 0x0000000100000000)
  eden space 22016K, 100% used [0x00000000d5580000,0x00000000d6b00000,0x00000000d6b00000)
  from space 2048K, 0% used [0x00000000d6d00000,0x00000000d6d00000,0x00000000d6f00000)
  to   space 2048K, 0% used [0x00000000d6b00000,0x00000000d6b00000,0x00000000d6d00000)
 ParOldGen       total 68608K, used 22435K [0x0000000080000000, 0x0000000084300000, 0x00000000d5580000)
  object space 68608K, 32% used [0x0000000080000000,0x00000000815e8df0,0x0000000084300000)
 Metaspace       used 37625K, committed 38720K, reserved 1114112K
  class space    used 3887K, committed 4352K, reserved 1048576K
}
Event: 5.289 GC heap after
{Heap after GC invocations=17 (full 2):
 PSYoungGen      total 23040K, used 800K [0x00000000d5580000, 0x00000000d6e00000, 0x0000000100000000)
  eden space 22016K, 0% used [0x00000000d5580000,0x00000000d5580000,0x00000000d6b00000)
  from space 1024K, 78% used [0x00000000d6b00000,0x00000000d6bc8000,0x00000000d6c00000)
  to   space 1536K, 0% used [0x00000000d6c80000,0x00000000d6c80000,0x00000000d6e00000)
 ParOldGen       total 68608K, used 22443K [0x0000000080000000, 0x0000000084300000, 0x00000000d5580000)
  object space 68608K, 32% used [0x0000000080000000,0x00000000815eadf0,0x0000000084300000)
 Metaspace       used 37625K, committed 38720K, reserved 1114112K
  class space    used 3887K, committed 4352K, reserved 1048576K
}
Event: 5.438 GC heap before
{Heap before GC invocations=18 (full 2):
 PSYoungGen      total 23040K, used 22816K [0x00000000d5580000, 0x00000000d6e00000, 0x0000000100000000)
  eden space 22016K, 100% used [0x00000000d5580000,0x00000000d6b00000,0x00000000d6b00000)
  from space 1024K, 78% used [0x00000000d6b00000,0x00000000d6bc8000,0x00000000d6c00000)
  to   space 1536K, 0% used [0x00000000d6c80000,0x00000000d6c80000,0x00000000d6e00000)
 ParOldGen       total 68608K, used 22443K [0x0000000080000000, 0x0000000084300000, 0x00000000d5580000)
  object space 68608K, 32% used [0x0000000080000000,0x00000000815eadf0,0x0000000084300000)
 Metaspace       used 39103K, committed 40192K, reserved 1114112K
  class space    used 4087K, committed 4544K, reserved 1048576K
}
Event: 5.440 GC heap after
{Heap after GC invocations=18 (full 2):
 PSYoungGen      total 23552K, used 1085K [0x00000000d5580000, 0x00000000d6e00000, 0x0000000100000000)
  eden space 22016K, 0% used [0x00000000d5580000,0x00000000d5580000,0x00000000d6b00000)
  from space 1536K, 70% used [0x00000000d6c80000,0x00000000d6d8f620,0x00000000d6e00000)
  to   space 1536K, 0% used [0x00000000d6b00000,0x00000000d6b00000,0x00000000d6c80000)
 ParOldGen       total 68608K, used 23011K [0x0000000080000000, 0x0000000084300000, 0x00000000d5580000)
  object space 68608K, 33% used [0x0000000080000000,0x0000000081678e00,0x0000000084300000)
 Metaspace       used 39103K, committed 40192K, reserved 1114112K
  class space    used 4087K, committed 4544K, reserved 1048576K
}
Event: 5.637 GC heap before
{Heap before GC invocations=19 (full 2):
 PSYoungGen      total 23552K, used 23101K [0x00000000d5580000, 0x00000000d6e00000, 0x0000000100000000)
  eden space 22016K, 100% used [0x00000000d5580000,0x00000000d6b00000,0x00000000d6b00000)
  from space 1536K, 70% used [0x00000000d6c80000,0x00000000d6d8f620,0x00000000d6e00000)
  to   space 1536K, 0% used [0x00000000d6b00000,0x00000000d6b00000,0x00000000d6c80000)
 ParOldGen       total 68608K, used 23011K [0x0000000080000000, 0x0000000084300000, 0x00000000d5580000)
  object space 68608K, 33% used [0x0000000080000000,0x0000000081678e00,0x0000000084300000)
 Metaspace       used 40604K, committed 41664K, reserved 1114112K
  class space    used 4277K, committed 4736K, reserved 1048576K
}
Event: 5.639 GC heap after
{Heap after GC invocations=19 (full 2):
 PSYoungGen      total 23040K, used 832K [0x00000000d5580000, 0x00000000d6d00000, 0x0000000100000000)
  eden space 22016K, 0% used [0x00000000d5580000,0x00000000d5580000,0x00000000d6b00000)
  from space 1024K, 81% used [0x00000000d6b00000,0x00000000d6bd0000,0x00000000d6c00000)
  to   space 1024K, 0% used [0x00000000d6c00000,0x00000000d6c00000,0x00000000d6d00000)
 ParOldGen       total 68608K, used 23755K [0x0000000080000000, 0x0000000084300000, 0x00000000d5580000)
  object space 68608K, 34% used [0x0000000080000000,0x0000000081732e10,0x0000000084300000)
 Metaspace       used 40604K, committed 41664K, reserved 1114112K
  class space    used 4277K, committed 4736K, reserved 1048576K
}

Dll operation events (11 events):
Event: 0.017 Loaded shared library c:\Users\Administrator\.antigravity\extensions\redhat.java-1.53.0-win32-x64\jre\21.0.10-win32-x86_64\bin\java.dll
Event: 0.046 Loaded shared library c:\Users\Administrator\.antigravity\extensions\redhat.java-1.53.0-win32-x64\jre\21.0.10-win32-x86_64\bin\zip.dll
Event: 0.116 Loaded shared library C:\Users\Administrator\.antigravity\extensions\redhat.java-1.53.0-win32-x64\jre\21.0.10-win32-x86_64\bin\instrument.dll
Event: 0.123 Loaded shared library C:\Users\Administrator\.antigravity\extensions\redhat.java-1.53.0-win32-x64\jre\21.0.10-win32-x86_64\bin\net.dll
Event: 0.127 Loaded shared library C:\Users\Administrator\.antigravity\extensions\redhat.java-1.53.0-win32-x64\jre\21.0.10-win32-x86_64\bin\nio.dll
Event: 0.131 Loaded shared library C:\Users\Administrator\.antigravity\extensions\redhat.java-1.53.0-win32-x64\jre\21.0.10-win32-x86_64\bin\zip.dll
Event: 0.148 Loaded shared library C:\Users\Administrator\.antigravity\extensions\redhat.java-1.53.0-win32-x64\jre\21.0.10-win32-x86_64\bin\jimage.dll
Event: 0.239 Loaded shared library c:\Users\Administrator\.antigravity\extensions\redhat.java-1.53.0-win32-x64\jre\21.0.10-win32-x86_64\bin\verify.dll
Event: 1.501 Loaded shared library C:\Users\Administrator\AppData\Roaming\Antigravity\User\globalStorage\redhat.java\1.53.0\config_win\org.eclipse.equinox.launcher\org.eclipse.equinox.launcher.win32.win32.x86_64_1.3.0.v20260203-2149\eclipse_11919.dll
Event: 2.856 Loaded shared library C:\Users\Administrator\AppData\Local\Temp\jna-146731693\jna2397791706768441542.dll
Event: 5.092 Loaded shared library C:\Users\Administrator\.antigravity\extensions\redhat.java-1.53.0-win32-x64\jre\21.0.10-win32-x86_64\bin\extnet.dll

Deoptimization events (20 events):
Event: 5.313 Thread 0x000002a651f1c910 DEOPT PACKING pc=0x000002a65ccfd0c8 sp=0x000000a7d6ffe390
Event: 5.313 Thread 0x000002a651f1c910 DEOPT UNPACKING pc=0x000002a65c5c3aa2 sp=0x000000a7d6ffe328 mode 2
Event: 5.403 Thread 0x000002a670359e70 Uncommon trap: trap_request=0xffffff45 fr.pc=0x000002a65ce0eed4 relative=0x0000000000000134
Event: 5.404 Thread 0x000002a670359e70 Uncommon trap: reason=unstable_if action=reinterpret pc=0x000002a65ce0eed4 method=java.util.ArrayList.indexOfRange(Ljava/lang/Object;II)I @ 7 c2
Event: 5.404 Thread 0x000002a670359e70 DEOPT PACKING pc=0x000002a65ce0eed4 sp=0x000000a7d9bfdf90
Event: 5.404 Thread 0x000002a670359e70 DEOPT UNPACKING pc=0x000002a65c5c3aa2 sp=0x000000a7d9bfde50 mode 2
Event: 5.413 Thread 0x000002a670359e70 Uncommon trap: trap_request=0xffffff45 fr.pc=0x000002a65ce03730 relative=0x0000000000000110
Event: 5.413 Thread 0x000002a670359e70 Uncommon trap: reason=unstable_if action=reinterpret pc=0x000002a65ce03730 method=java.util.ArrayList.indexOfRange(Ljava/lang/Object;II)I @ 7 c2
Event: 5.413 Thread 0x000002a670359e70 DEOPT PACKING pc=0x000002a65ce03730 sp=0x000000a7d9bfdf30
Event: 5.413 Thread 0x000002a670359e70 DEOPT UNPACKING pc=0x000002a65c5c3aa2 sp=0x000000a7d9bfdeb0 mode 2
Event: 5.433 Thread 0x000002a670359e70 DEOPT PACKING pc=0x000002a655b3c2d6 sp=0x000000a7d9bfced0
Event: 5.433 Thread 0x000002a670359e70 DEOPT UNPACKING pc=0x000002a65c5c4242 sp=0x000000a7d9bfc3e0 mode 0
Event: 5.455 Thread 0x000002a6715746f0 Uncommon trap: trap_request=0xffffff45 fr.pc=0x000002a65ced60ac relative=0x0000000000000b2c
Event: 5.455 Thread 0x000002a6715746f0 Uncommon trap: reason=unstable_if action=reinterpret pc=0x000002a65ced60ac method=org.eclipse.osgi.internal.loader.BundleLoader.getPackageName(Ljava/lang/String;)Ljava/lang/String; @ 12 c2
Event: 5.455 Thread 0x000002a6715746f0 DEOPT PACKING pc=0x000002a65ced60ac sp=0x000000a7db2fd940
Event: 5.455 Thread 0x000002a6715746f0 DEOPT UNPACKING pc=0x000002a65c5c3aa2 sp=0x000000a7db2fd8b0 mode 2
Event: 5.461 Thread 0x000002a6715746f0 DEOPT PACKING pc=0x000002a655bd1058 sp=0x000000a7db2fd450
Event: 5.461 Thread 0x000002a6715746f0 DEOPT UNPACKING pc=0x000002a65c5c4242 sp=0x000000a7db2fc930 mode 0
Event: 5.527 Thread 0x000002a670359e70 DEOPT PACKING pc=0x000002a65562b9d3 sp=0x000000a7d9bfdc20
Event: 5.527 Thread 0x000002a670359e70 DEOPT UNPACKING pc=0x000002a65c5c4242 sp=0x000000a7d9bfd090 mode 0

Classes loaded (20 events):
Event: 5.317 Loading class java/time/format/DateTimeParseContext
Event: 5.318 Loading class java/time/format/DateTimeParseContext done
Event: 5.318 Loading class java/time/format/Parsed
Event: 5.318 Loading class java/time/format/Parsed done
Event: 5.367 Loading class sun/reflect/generics/repository/FieldRepository
Event: 5.367 Loading class sun/reflect/generics/repository/FieldRepository done
Event: 5.385 Loading class java/lang/annotation/IncompleteAnnotationException
Event: 5.385 Loading class java/lang/annotation/IncompleteAnnotationException done
Event: 5.420 Loading class java/lang/foreign/MemorySegment
Event: 5.421 Loading class java/lang/foreign/MemorySegment done
Event: 5.649 Loading class sun/reflect/annotation/AnnotatedTypeFactory$AnnotatedParameterizedTypeImpl
Event: 5.649 Loading class java/lang/reflect/AnnotatedParameterizedType
Event: 5.649 Loading class java/lang/reflect/AnnotatedParameterizedType done
Event: 5.649 Loading class sun/reflect/annotation/AnnotatedTypeFactory$AnnotatedParameterizedTypeImpl done
Event: 5.821 Loading class java/util/concurrent/CompletionService
Event: 5.821 Loading class java/util/concurrent/CompletionService done
Event: 5.827 Loading class sun/reflect/generics/scope/ConstructorScope
Event: 5.827 Loading class sun/reflect/generics/scope/ConstructorScope done
Event: 5.827 Loading class sun/reflect/generics/tree/VoidDescriptor
Event: 5.827 Loading class sun/reflect/generics/tree/VoidDescriptor done

Classes unloaded (10 events):
Event: 3.937 Thread 0x000002a6689b40a0 Unloading class 0x000002a6011a4400 'java/lang/invoke/LambdaForm$MH+0x000002a6011a4400'
Event: 3.937 Thread 0x000002a6689b40a0 Unloading class 0x000002a6011a4000 'java/lang/invoke/LambdaForm$MH+0x000002a6011a4000'
Event: 3.937 Thread 0x000002a6689b40a0 Unloading class 0x000002a6011a3c00 'java/lang/invoke/LambdaForm$MH+0x000002a6011a3c00'
Event: 3.937 Thread 0x000002a6689b40a0 Unloading class 0x000002a6011a3800 'java/lang/invoke/LambdaForm$MH+0x000002a6011a3800'
Event: 3.937 Thread 0x000002a6689b40a0 Unloading class 0x000002a6011a3400 'java/lang/invoke/LambdaForm$BMH+0x000002a6011a3400'
Event: 3.937 Thread 0x000002a6689b40a0 Unloading class 0x000002a6011a3000 'java/lang/invoke/LambdaForm$DMH+0x000002a6011a3000'
Event: 3.937 Thread 0x000002a6689b40a0 Unloading class 0x000002a6011a2000 'java/lang/invoke/LambdaForm$DMH+0x000002a6011a2000'
Event: 5.108 Thread 0x000002a6689b40a0 Unloading class 0x000002a6013b1c00 'java/lang/invoke/LambdaForm$MH+0x000002a6013b1c00'
Event: 5.108 Thread 0x000002a6689b40a0 Unloading class 0x000002a6013b1000 'java/lang/invoke/LambdaForm$MH+0x000002a6013b1000'
Event: 5.108 Thread 0x000002a6689b40a0 Unloading class 0x000002a6013b0800 'java/lang/invoke/LambdaForm$MH+0x000002a6013b0800'

Classes redefined (0 events):
No events

Internal exceptions (20 events):
Event: 5.015 Thread 0x000002a670359e70 Exception <a 'java/lang/NoSuchMethodError'{0x00000000d5a97790}: 'java.lang.Object java.lang.invoke.DirectMethodHandle$Holder.invokeStaticInit(java.lang.Object, java.lang.Object, java.lang.Object, java.lang.Object, java.lang.Object, java.lang.Object, java.lang.Object)'> (0x00000000d5a97790) 
thrown [s\src\hotspot\share\interpreter\linkResolver.cpp, line 773]
Event: 5.017 Thread 0x000002a670359e70 Exception <a 'java/lang/NoSuchMethodError'{0x00000000d5a9c0d8}: 'java.lang.Object java.lang.invoke.Invokers$Holder.invoke_MT(java.lang.Object, java.lang.Object, java.lang.Object, java.lang.Object, java.lang.Object, java.lang.Object, java.lang.Object, java.lang.Object, java.lang.Object)'> (0x00000000d5a9c0d8) 
thrown [s\src\hotspot\share\interpreter\linkResolver.cpp, line 773]
Event: 5.029 Thread 0x000002a670359e70 Exception <a 'java/lang/NoSuchMethodError'{0x00000000d5cdff28}: 'int java.lang.invoke.DirectMethodHandle$Holder.invokeVirtual(java.lang.Object, java.lang.Object, java.lang.Object)'> (0x00000000d5cdff28) 
thrown [s\src\hotspot\share\interpreter\linkResolver.cpp, line 773]
Event: 5.030 Thread 0x000002a670359e70 Exception <a 'java/lang/NoSuchMethodError'{0x00000000d5d3e970}: 'int java.lang.invoke.DirectMethodHandle$Holder.invokeStaticInit(java.lang.Object, int, int)'> (0x00000000d5d3e970) 
thrown [s\src\hotspot\share\interpreter\linkResolver.cpp, line 773]
Event: 5.031 Thread 0x000002a670359e70 Exception <a 'java/lang/NoSuchMethodError'{0x00000000d5dd78f0}: 'int java.lang.invoke.DirectMethodHandle$Holder.invokeStaticInit(java.lang.Object, long, long)'> (0x00000000d5dd78f0) 
thrown [s\src\hotspot\share\interpreter\linkResolver.cpp, line 773]
Event: 5.033 Thread 0x000002a670359e70 Exception <a 'java/lang/NoSuchMethodError'{0x00000000d5e37a50}: 'int java.lang.invoke.DirectMethodHandle$Holder.invokeStaticInit(java.lang.Object, float, float)'> (0x00000000d5e37a50) 
thrown [s\src\hotspot\share\interpreter\linkResolver.cpp, line 773]
Event: 5.034 Thread 0x000002a670359e70 Exception <a 'java/lang/NoSuchMethodError'{0x00000000d5e3e4e0}: 'int java.lang.invoke.DirectMethodHandle$Holder.invokeStaticInit(java.lang.Object, double, double)'> (0x00000000d5e3e4e0) 
thrown [s\src\hotspot\share\interpreter\linkResolver.cpp, line 773]
Event: 5.036 Thread 0x000002a670359e70 Exception <a 'java/lang/NoSuchMethodError'{0x00000000d5e964b0}: 'int java.lang.invoke.DirectMethodHandle$Holder.invokeStatic(java.lang.Object, long)'> (0x00000000d5e964b0) 
thrown [s\src\hotspot\share\interpreter\linkResolver.cpp, line 773]
Event: 5.042 Thread 0x000002a670359e70 Exception <a 'java/lang/NoSuchMethodError'{0x00000000d601e620}: 'int java.lang.invoke.Invokers$Holder.linkToTargetMethod(java.lang.Object, java.lang.Object)'> (0x00000000d601e620) 
thrown [s\src\hotspot\share\interpreter\linkResolver.cpp, line 773]
Event: 5.043 Thread 0x000002a671576130 Exception <a 'java/lang/NoSuchMethodError'{0x00000000d55f6910}: 'int java.lang.invoke.Invokers$Holder.linkToTargetMethod(java.lang.Object, java.lang.Object)'> (0x00000000d55f6910) 
thrown [s\src\hotspot\share\interpreter\linkResolver.cpp, line 773]
Event: 5.045 Thread 0x000002a671576130 Exception <a 'java/lang/NoSuchMethodError'{0x00000000d606ecd8}: 'int java.lang.invoke.DirectMethodHandle$Holder.invokeSpecial(java.lang.Object, java.lang.Object, java.lang.Object, java.lang.Object)'> (0x00000000d606ecd8) 
thrown [s\src\hotspot\share\interpreter\linkResolver.cpp, line 773]
Event: 5.048 Thread 0x000002a671576130 Exception <a 'java/lang/NoSuchMethodError'{0x00000000d6141778}: 'java.lang.Object java.lang.invoke.DirectMethodHandle$Holder.invokeStatic(java.lang.Object, int, java.lang.Object, java.lang.Object)'> (0x00000000d6141778) 
thrown [s\src\hotspot\share\interpreter\linkResolver.cpp, line 773]
Event: 5.049 Thread 0x000002a671576130 Exception <a 'java/lang/NoSuchMethodError'{0x00000000d616b5c8}: 'java.lang.Object java.lang.invoke.DelegatingMethodHandle$Holder.delegate(java.lang.Object, int, java.lang.Object, java.lang.Object)'> (0x00000000d616b5c8) 
thrown [s\src\hotspot\share\interpreter\linkResolver.cpp, line 773]
Event: 5.052 Thread 0x000002a671576130 Implicit null exception at 0x000002a65cf06e76 to 0x000002a65cf07198
Event: 5.055 Thread 0x000002a671576130 Exception <a 'java/lang/NoSuchMethodError'{0x00000000d620e050}: 'int java.lang.invoke.Invokers$Holder.linkToTargetMethod(java.lang.Object, java.lang.Object, java.lang.Object)'> (0x00000000d620e050) 
thrown [s\src\hotspot\share\interpreter\linkResolver.cpp, line 773]
Event: 5.076 Thread 0x000002a670359150 Exception <a 'java/lang/NoSuchMethodError'{0x00000000d6405eb0}: 'java.lang.Object java.lang.invoke.DirectMethodHandle$Holder.invokeSpecialIFC(java.lang.Object, java.lang.Object, java.lang.Object, java.lang.Object)'> (0x00000000d6405eb0) 
thrown [s\src\hotspot\share\interpreter\linkResolver.cpp, line 773]
Event: 5.290 Thread 0x000002a651f1c910 Exception <a 'java/lang/NoSuchMethodError'{0x00000000d559ac68}: 'void java.lang.invoke.DirectMethodHandle$Holder.invokeSpecial(java.lang.Object, java.lang.Object, java.lang.Object, java.lang.Object, java.lang.Object, java.lang.Object)'> (0x00000000d559ac68) 
thrown [s\src\hotspot\share\interpreter\linkResolver.cpp, line 773]
Event: 5.291 Thread 0x000002a651f1c910 Exception <a 'java/lang/IncompatibleClassChangeError'{0x00000000d55bde90}: Found class java.lang.Object, but interface was expected> (0x00000000d55bde90) 
thrown [s\src\hotspot\share\interpreter\linkResolver.cpp, line 840]
Event: 5.291 Thread 0x000002a651f1c910 Exception <a 'java/lang/IncompatibleClassChangeError'{0x00000000d55bfcd8}: Found class java.lang.Object, but interface was expected> (0x00000000d55bfcd8) 
thrown [s\src\hotspot\share\interpreter\linkResolver.cpp, line 840]
Event: 5.385 Thread 0x000002a670359e70 Exception <a 'java/lang/NoClassDefFoundError'{0x00000000d63522e8}: javax/enterprise/inject/Typed> (0x00000000d63522e8) 
thrown [s\src\hotspot\share\classfile\systemDictionary.cpp, line 301]

ZGC Phase Switch (0 events):
No events

VM Operations (20 events):
Event: 5.059 Executing non-safepoint VM operation: HandshakeAllThreads (Deoptimize)
Event: 5.062 Executing non-safepoint VM operation: HandshakeAllThreads (Deoptimize) done
Event: 5.072 Executing non-safepoint VM operation: HandshakeAllThreads (Deoptimize)
Event: 5.074 Executing non-safepoint VM operation: HandshakeAllThreads (Deoptimize) done
Event: 5.098 Executing safepoint VM operation: CollectForMetadataAllocation (Metadata GC Threshold)
Event: 5.134 Executing safepoint VM operation: CollectForMetadataAllocation (Metadata GC Threshold) done
Event: 5.258 Executing non-safepoint VM operation: HandshakeAllThreads (Deoptimize)
Event: 5.258 Executing non-safepoint VM operation: HandshakeAllThreads (Deoptimize) done
Event: 5.287 Executing safepoint VM operation: ParallelGCFailedAllocation (Allocation Failure)
Event: 5.289 Executing safepoint VM operation: ParallelGCFailedAllocation (Allocation Failure) done
Event: 5.374 Executing non-safepoint VM operation: HandshakeAllThreads (Deoptimize)
Event: 5.374 Executing non-safepoint VM operation: HandshakeAllThreads (Deoptimize) done
Event: 5.438 Executing safepoint VM operation: ParallelGCFailedAllocation (Allocation Failure)
Event: 5.440 Executing safepoint VM operation: ParallelGCFailedAllocation (Allocation Failure) done
Event: 5.637 Executing safepoint VM operation: ParallelGCFailedAllocation (Allocation Failure)
Event: 5.639 Executing safepoint VM operation: ParallelGCFailedAllocation (Allocation Failure) done
Event: 5.686 Executing non-safepoint VM operation: HandshakeAllThreads (Deoptimize)
Event: 5.686 Executing non-safepoint VM operation: HandshakeAllThreads (Deoptimize) done
Event: 5.701 Executing non-safepoint VM operation: HandshakeAllThreads (Deoptimize)
Event: 5.701 Executing non-safepoint VM operation: HandshakeAllThreads (Deoptimize) done

Memory protections (0 events):
No events

Nmethod flushes (20 events):
Event: 5.117 Thread 0x000002a6689b40a0 flushing  nmethod 0x000002a65580fb90
Event: 5.117 Thread 0x000002a6689b40a0 flushing  nmethod 0x000002a655816710
Event: 5.117 Thread 0x000002a6689b40a0 flushing  nmethod 0x000002a655825010
Event: 5.117 Thread 0x000002a6689b40a0 flushing  nmethod 0x000002a655859b10
Event: 5.117 Thread 0x000002a6689b40a0 flushing  nmethod 0x000002a655880510
Event: 5.117 Thread 0x000002a6689b40a0 flushing  nmethod 0x000002a655880910
Event: 5.117 Thread 0x000002a6689b40a0 flushing  nmethod 0x000002a655881990
Event: 5.117 Thread 0x000002a6689b40a0 flushing  nmethod 0x000002a655883a90
Event: 5.117 Thread 0x000002a6689b40a0 flushing  nmethod 0x000002a655884710
Event: 5.117 Thread 0x000002a6689b40a0 flushing  nmethod 0x000002a655886410
Event: 5.117 Thread 0x000002a6689b40a0 flushing  nmethod 0x000002a655886910
Event: 5.117 Thread 0x000002a6689b40a0 flushing  nmethod 0x000002a655887210
Event: 5.117 Thread 0x000002a6689b40a0 flushing  nmethod 0x000002a655888610
Event: 5.117 Thread 0x000002a6689b40a0 flushing  nmethod 0x000002a65588af90
Event: 5.117 Thread 0x000002a6689b40a0 flushing  nmethod 0x000002a65588ca10
Event: 5.117 Thread 0x000002a6689b40a0 flushing  nmethod 0x000002a6558d1490
Event: 5.117 Thread 0x000002a6689b40a0 flushing  nmethod 0x000002a6558d7d10
Event: 5.117 Thread 0x000002a6689b40a0 flushing  nmethod 0x000002a6558f9390
Event: 5.117 Thread 0x000002a6689b40a0 flushing  nmethod 0x000002a6558f9790
Event: 5.117 Thread 0x000002a6689b40a0 flushing  nmethod 0x000002a65598e010

Events (20 events):
Event: 4.952 Thread 0x000002a651f1c910 Thread added: 0x000002a670353c00
Event: 4.952 Thread 0x000002a651f1c910 Thread added: 0x000002a67035b220
Event: 4.953 Thread 0x000002a651f1c910 Thread added: 0x000002a670354290
Event: 4.953 Thread 0x000002a651f1c910 Thread added: 0x000002a670354920
Event: 4.953 Thread 0x000002a651f1c910 Thread added: 0x000002a670354fb0
Event: 4.953 Thread 0x000002a651f1c910 Thread added: 0x000002a670355640
Event: 4.953 Thread 0x000002a651f1c910 Thread added: 0x000002a670355cd0
Event: 4.954 Thread 0x000002a651f1c910 Thread added: 0x000002a6715767c0
Event: 4.954 Thread 0x000002a651f1c910 Thread added: 0x000002a671573340
Event: 4.954 Thread 0x000002a651f1c910 Thread added: 0x000002a671576e50
Event: 4.954 Thread 0x000002a651f1c910 Thread added: 0x000002a671572cb0
Event: 4.954 Thread 0x000002a651f1c910 Thread added: 0x000002a671574060
Event: 4.954 Thread 0x000002a651f1c910 Thread added: 0x000002a671575410
Event: 4.954 Thread 0x000002a651f1c910 Thread added: 0x000002a671575aa0
Event: 4.955 Thread 0x000002a651f1c910 Thread added: 0x000002a671574d80
Event: 4.976 Thread 0x000002a670359e70 Thread added: 0x000002a671576130
Event: 5.002 Thread 0x000002a651f1c910 Thread added: 0x000002a6715739d0
Event: 5.041 Thread 0x000002a671576130 Thread added: 0x000002a6715774e0
Event: 5.309 Thread 0x000002a651f1c910 Thread added: 0x000002a671578890
Event: 5.309 Thread 0x000002a651f1c910 Thread added: 0x000002a6715746f0


Dynamic libraries:
0x00007ff781760000 - 0x00007ff78176e000 	c:\Users\Administrator\.antigravity\extensions\redhat.java-1.53.0-win32-x64\jre\21.0.10-win32-x86_64\bin\java.exe
0x00007ffee7030000 - 0x00007ffee7244000 	C:\windows\SYSTEM32\ntdll.dll
0x00007ffee5b90000 - 0x00007ffee5c52000 	C:\windows\System32\KERNEL32.DLL
0x00007ffee4470000 - 0x00007ffee4813000 	C:\windows\System32\KERNELBASE.dll
0x00007ffee4060000 - 0x00007ffee4171000 	C:\windows\System32\ucrtbase.dll
0x00007ffea81c0000 - 0x00007ffea81d8000 	c:\Users\Administrator\.antigravity\extensions\redhat.java-1.53.0-win32-x64\jre\21.0.10-win32-x86_64\bin\jli.dll
0x00007ffea92e0000 - 0x00007ffea92fe000 	c:\Users\Administrator\.antigravity\extensions\redhat.java-1.53.0-win32-x64\jre\21.0.10-win32-x86_64\bin\VCRUNTIME140.dll
0x00007ffee5580000 - 0x00007ffee572b000 	C:\windows\System32\USER32.dll
0x00007ffee4a20000 - 0x00007ffee4a46000 	C:\windows\System32\win32u.dll
0x00007ffee6020000 - 0x00007ffee6049000 	C:\windows\System32\GDI32.dll
0x00007ffee4900000 - 0x00007ffee4a18000 	C:\windows\System32\gdi32full.dll
0x00007ffee4a50000 - 0x00007ffee4aea000 	C:\windows\System32\msvcp_win.dll
0x00007ffed72e0000 - 0x00007ffed756e000 	C:\windows\WinSxS\amd64_microsoft.windows.common-controls_6595b64144ccf1df_6.0.22621.1635_none_270f70857386168e\COMCTL32.dll
0x00007ffee5ae0000 - 0x00007ffee5b87000 	C:\windows\System32\msvcrt.dll
0x00007ffee5fd0000 - 0x00007ffee6001000 	C:\windows\System32\IMM32.DLL
0x00007ffeb82d0000 - 0x00007ffeb82dc000 	c:\Users\Administrator\.antigravity\extensions\redhat.java-1.53.0-win32-x64\jre\21.0.10-win32-x86_64\bin\vcruntime140_1.dll
0x00007ffebd510000 - 0x00007ffebd59d000 	c:\Users\Administrator\.antigravity\extensions\redhat.java-1.53.0-win32-x64\jre\21.0.10-win32-x86_64\bin\msvcp140.dll
0x00007ffe2f9f0000 - 0x00007ffe30791000 	c:\Users\Administrator\.antigravity\extensions\redhat.java-1.53.0-win32-x64\jre\21.0.10-win32-x86_64\bin\server\jvm.dll
0x00007ffee53a0000 - 0x00007ffee544e000 	C:\windows\System32\ADVAPI32.dll
0x00007ffee4c70000 - 0x00007ffee4d14000 	C:\windows\System32\sechost.dll
0x00007ffee5840000 - 0x00007ffee5957000 	C:\windows\System32\RPCRT4.dll
0x00007ffee4830000 - 0x00007ffee487d000 	C:\windows\System32\POWRPROF.dll
0x00007ffee5220000 - 0x00007ffee5291000 	C:\windows\System32\WS2_32.dll
0x00007ffedcaf0000 - 0x00007ffedcb24000 	C:\windows\SYSTEM32\WINMM.dll
0x00007ffedd9d0000 - 0x00007ffedd9da000 	C:\windows\SYSTEM32\VERSION.dll
0x00007ffee2f20000 - 0x00007ffee2f33000 	C:\windows\SYSTEM32\UMPDC.dll
0x00007ffee3120000 - 0x00007ffee3138000 	C:\windows\SYSTEM32\kernel.appcore.dll
0x00007ffede240000 - 0x00007ffede24a000 	c:\Users\Administrator\.antigravity\extensions\redhat.java-1.53.0-win32-x64\jre\21.0.10-win32-x86_64\bin\jimage.dll
0x00007ffee1850000 - 0x00007ffee1a7e000 	C:\windows\SYSTEM32\DBGHELP.DLL
0x00007ffee62a0000 - 0x00007ffee6629000 	C:\windows\System32\combase.dll
0x00007ffee5960000 - 0x00007ffee5a37000 	C:\windows\System32\OLEAUT32.dll
0x00007ffed8db0000 - 0x00007ffed8de2000 	C:\windows\SYSTEM32\dbgcore.DLL
0x00007ffee4880000 - 0x00007ffee48fb000 	C:\windows\System32\bcryptPrimitives.dll
0x00007ffede230000 - 0x00007ffede23f000 	c:\Users\Administrator\.antigravity\extensions\redhat.java-1.53.0-win32-x64\jre\21.0.10-win32-x86_64\bin\instrument.dll
0x00007ffec3b80000 - 0x00007ffec3ba0000 	c:\Users\Administrator\.antigravity\extensions\redhat.java-1.53.0-win32-x64\jre\21.0.10-win32-x86_64\bin\java.dll
0x00007ffee6630000 - 0x00007ffee6e2a000 	C:\windows\System32\SHELL32.dll
0x00007ffee2020000 - 0x00007ffee28ee000 	C:\windows\SYSTEM32\windows.storage.dll
0x00007ffee1ee0000 - 0x00007ffee201e000 	C:\windows\SYSTEM32\wintypes.dll
0x00007ffee5450000 - 0x00007ffee5541000 	C:\windows\System32\SHCORE.dll
0x00007ffee6150000 - 0x00007ffee61ae000 	C:\windows\System32\shlwapi.dll
0x00007ffee3f10000 - 0x00007ffee3f31000 	C:\windows\SYSTEM32\profapi.dll
0x00007ffec3a80000 - 0x00007ffec3a98000 	c:\Users\Administrator\.antigravity\extensions\redhat.java-1.53.0-win32-x64\jre\21.0.10-win32-x86_64\bin\zip.dll
0x00007ffede220000 - 0x00007ffede230000 	C:\Users\Administrator\.antigravity\extensions\redhat.java-1.53.0-win32-x64\jre\21.0.10-win32-x86_64\bin\net.dll
0x00007ffedd2f0000 - 0x00007ffedd427000 	C:\windows\SYSTEM32\WINHTTP.dll
0x00007ffee3590000 - 0x00007ffee35f9000 	C:\windows\system32\mswsock.dll
0x00007ffec2950000 - 0x00007ffec2966000 	C:\Users\Administrator\.antigravity\extensions\redhat.java-1.53.0-win32-x64\jre\21.0.10-win32-x86_64\bin\nio.dll
0x00007ffec3c00000 - 0x00007ffec3c10000 	c:\Users\Administrator\.antigravity\extensions\redhat.java-1.53.0-win32-x64\jre\21.0.10-win32-x86_64\bin\verify.dll
0x00007ffeabad0000 - 0x00007ffeabb15000 	C:\Users\Administrator\AppData\Roaming\Antigravity\User\globalStorage\redhat.java\1.53.0\config_win\org.eclipse.equinox.launcher\org.eclipse.equinox.launcher.win32.win32.x86_64_1.3.0.v20260203-2149\eclipse_11919.dll
0x00007ffee5e30000 - 0x00007ffee5fcc000 	C:\windows\System32\ole32.dll
0x00007ffee37f0000 - 0x00007ffee380b000 	C:\windows\SYSTEM32\CRYPTSP.dll
0x00007ffee3090000 - 0x00007ffee30c5000 	C:\windows\system32\rsaenh.dll
0x00007ffee3690000 - 0x00007ffee36b8000 	C:\windows\SYSTEM32\USERENV.dll
0x00007ffee39b0000 - 0x00007ffee39d8000 	C:\windows\SYSTEM32\bcrypt.dll
0x00007ffee3810000 - 0x00007ffee381c000 	C:\windows\SYSTEM32\CRYPTBASE.dll
0x00007ffee2bc0000 - 0x00007ffee2bed000 	C:\windows\SYSTEM32\IPHLPAPI.DLL
0x00007ffee4c60000 - 0x00007ffee4c69000 	C:\windows\System32\NSI.dll
0x00007ffebf8b0000 - 0x00007ffebf8f9000 	C:\Users\Administrator\AppData\Local\Temp\jna-146731693\jna2397791706768441542.dll
0x00007ffee6010000 - 0x00007ffee6018000 	C:\windows\System32\PSAPI.DLL
0x00007ffede0a0000 - 0x00007ffede0b9000 	C:\windows\SYSTEM32\dhcpcsvc6.DLL
0x00007ffedd9e0000 - 0x00007ffedd9ff000 	C:\windows\SYSTEM32\dhcpcsvc.DLL
0x00007ffec3b70000 - 0x00007ffec3b79000 	C:\Users\Administrator\.antigravity\extensions\redhat.java-1.53.0-win32-x64\jre\21.0.10-win32-x86_64\bin\extnet.dll

JVMTI agents:
c:\Users\Administrator\.antigravity\extensions\redhat.java-1.53.0-win32-x64\lombok\lombok-1.18.39-4050.jar path:c:\Users\Administrator\.antigravity\extensions\redhat.java-1.53.0-win32-x64\jre\21.0.10-win32-x86_64\bin\instrument.dll, loaded, initialized, instrumentlib options:none

dbghelp: loaded successfully - version: 4.0.5 - missing functions: none
symbol engine: initialized successfully - sym options: 0x614 - pdb path: .;c:\Users\Administrator\.antigravity\extensions\redhat.java-1.53.0-win32-x64\jre\21.0.10-win32-x86_64\bin;C:\windows\SYSTEM32;C:\windows\WinSxS\amd64_microsoft.windows.common-controls_6595b64144ccf1df_6.0.22621.1635_none_270f70857386168e;c:\Users\Administrator\.antigravity\extensions\redhat.java-1.53.0-win32-x64\jre\21.0.10-win32-x86_64\bin\server;C:\Users\Administrator\AppData\Roaming\Antigravity\User\globalStorage\redhat.java\1.53.0\config_win\org.eclipse.equinox.launcher\org.eclipse.equinox.launcher.win32.win32.x86_64_1.3.0.v20260203-2149;C:\Users\Administrator\AppData\Local\Temp\jna-146731693

VM Arguments:
jvm_args: --add-modules=ALL-SYSTEM --add-opens=java.base/java.util=ALL-UNNAMED --add-opens=java.base/java.lang=ALL-UNNAMED --add-opens=java.base/sun.nio.fs=ALL-UNNAMED -Declipse.application=org.eclipse.jdt.ls.core.id1 -Dosgi.bundles.defaultStartLevel=4 -Declipse.product=org.eclipse.jdt.ls.core.product -Djava.import.generatesMetadataFilesAtProjectRoot=false -DDetectVMInstallationsJob.disabled=true -Dfile.encoding=utf8 -XX:+UseParallelGC -XX:GCTimeRatio=4 -XX:AdaptiveSizePolicyWeight=90 -Dsun.zip.disableMemoryMapping=true -Xmx2G -Xms100m -Xlog:disable -javaagent:c:\Users\Administrator\.antigravity\extensions\redhat.java-1.53.0-win32-x64\lombok\lombok-1.18.39-4050.jar -XX:+HeapDumpOnOutOfMemoryError -XX:HeapDumpPath=c:\Users\Administrator\AppData\Roaming\Antigravity\User\workspaceStorage\850beaf2ee5b814d691501917badf9ed\redhat.java -Daether.dependencyCollector.impl=bf 
java_command: c:\Users\Administrator\.antigravity\extensions\redhat.java-1.53.0-win32-x64\server\plugins\org.eclipse.equinox.launcher_1.7.100.v20251111-0406.jar -configuration c:\Users\Administrator\AppData\Roaming\Antigravity\User\globalStorage\redhat.java\1.53.0\config_win -data c:\Users\Administrator\AppData\Roaming\Antigravity\User\workspaceStorage\850beaf2ee5b814d691501917badf9ed\redhat.java\jdt_ws --pipe=\\.\pipe\lsp-2c351b3f6d99cca251a980700f0dbbec-sock
java_class_path (initial): c:\Users\Administrator\.antigravity\extensions\redhat.java-1.53.0-win32-x64\server\plugins\org.eclipse.equinox.launcher_1.7.100.v20251111-0406.jar
Launcher Type: SUN_STANDARD

[Global flags]
    uintx AdaptiveSizePolicyWeight                 = 90                                        {product} {command line}
     intx CICompilerCount                          = 12                                        {product} {ergonomic}
    uintx GCTimeRatio                              = 4                                         {product} {command line}
     bool HeapDumpOnOutOfMemoryError               = true                                   {manageable} {command line}
    ccstr HeapDumpPath                             = c:\Users\Administrator\AppData\Roaming\Antigravity\User\workspaceStorage\850beaf2ee5b814d691501917badf9ed\redhat.java         {manageable} {command line}
   size_t InitialHeapSize                          = 104857600                                 {product} {command line}
   size_t MaxHeapSize                              = 2147483648                                {product} {command line}
   size_t MaxNewSize                               = 715653120                                 {product} {ergonomic}
   size_t MinHeapDeltaBytes                        = 524288                                    {product} {ergonomic}
   size_t MinHeapSize                              = 104857600                                 {product} {command line}
   size_t NewSize                                  = 34603008                                  {product} {ergonomic}
    uintx NonNMethodCodeHeapSize                   = 7602480                                {pd product} {ergonomic}
    uintx NonProfiledCodeHeapSize                  = 122027880                              {pd product} {ergonomic}
   size_t OldSize                                  = 70254592                                  {product} {ergonomic}
    uintx ProfiledCodeHeapSize                     = 122027880                              {pd product} {ergonomic}
    uintx ReservedCodeCacheSize                    = 251658240                              {pd product} {ergonomic}
     bool SegmentedCodeCache                       = true                                      {product} {ergonomic}
   size_t SoftMaxHeapSize                          = 2147483648                             {manageable} {ergonomic}
     bool UseCompressedOops                        = true                           {product lp64_product} {ergonomic}
     bool UseLargePagesIndividualAllocation        = false                                  {pd product} {ergonomic}
     bool UseParallelGC                            = true                                      {product} {command line}

Logging:
Log output configuration:
 #0: stdout all=off uptime,level,tags foldmultilines=false
 #1: stderr all=off uptime,level,tags foldmultilines=false

Release file:
JAVA_VERSION="21.0.10" 
MODULES="java.base java.compiler java.datatransfer java.xml java.prefs java.desktop java.instrument java.logging java.management java.security.sasl java.naming java.rmi java.management.rmi java.net.http java.scripting java.security.jgss java.transaction.xa java.sql java.sql.rowset java.xml.crypto java.se java.smartcardio jdk.accessibility jdk.internal.jvmstat jdk.attach jdk.charsets jdk.internal.opt jdk.zipfs jdk.compiler jdk.crypto.ec jdk.crypto.cryptoki jdk.crypto.mscapi jdk.dynalink jdk.internal.ed jdk.editpad jdk.hotspot.agent jdk.httpserver jdk.internal.le jdk.internal.vm.ci jdk.internal.vm.compiler jdk.internal.vm.compiler.management jdk.jartool jdk.javadoc jdk.jcmd jdk.management jdk.management.agent jdk.jconsole jdk.jdeps jdk.jdwp.agent jdk.jdi jdk.jfr jdk.jshell jdk.jsobject jdk.jstatd jdk.localedata jdk.management.jfr jdk.naming.dns jdk.naming.rmi jdk.net jdk.nio.mapmode jdk.random jdk.sctp jdk.security.auth jdk.security.jgss jdk.unsupported jdk.unsupported.desktop jdk.xml.dom" 

Environment Variables:
JAVA_HOME=C:\Program Files\Eclipse Adoptium\jdk-17.0.18.8-hotspot
PATH=C:\Program Files\Eclipse Adoptium\jdk-17.0.18.8-hotspot\bin;C:\windows\system32;C:\windows;C:\windows\System32\Wbem;C:\windows\System32\WindowsPowerShell\v1.0\;C:\windows\System32\OpenSSH\;C:\Program Files\dotnet\;C:\Program Files\Git\cmd;C:\Program Files (x86)\NVIDIA Corporation\PhysX\Common;C:\Program Files\NVIDIA Corporation\NVIDIA App\NvDLISR;G:\Program Files\nodejs\;C:\Program Files\Cloudflare\Cloudflare WARP\;D:\NodeEnv\npm_global;C:\Users\Administrator\AppData\Local\Android\Sdk\platform-tools;C:\Program Files\Eclipse Adoptium\jdk-17.0.18.8-hotspot\bin;C:\Program Files\Tesseract-OCR;C:\Users\Administrator\.cargo\bin;C:\Users\Administrator\AppData\Local\Programs\Python\Python313\Scripts\;C:\Users\Administrator\AppData\Local\Programs\Python\Python313\;d:\Users\Administrator\AppData\Local\Programs\Trae\bin;C:\Users\Administrator\Tools\node\node-v23.9.0-win-x64;C:\Users\Administrator\Tools\dotnet;C:\Users\Administrator\AppData\Local\Programs\Python\Python310\Scripts\;C:\Users\Administrator\AppData\Local\Programs\Python\Python310\;C:\Users\Administrator\AppData\Local\Microsoft\WindowsApps;C:\Users\Administrator\AppData\Roaming\npm;d:\Users\Administrator\AppData\Local\Programs\CodeBuddy CN\bin;g:\Users\Administrator\AppData\Local\Programs\Antigravity\bin
USERNAME=Administrator
OS=Windows_NT
PROCESSOR_IDENTIFIER=AMD64 Family 23 Model 8 Stepping 2, AuthenticAMD
TMP=C:\Users\Administrator\AppData\Local\Temp
TEMP=C:\Users\Administrator\AppData\Local\Temp




Periodic native trim disabled

---------------  S Y S T E M  ---------------

OS:
 Windows 11 , 64 bit Build 22621 (10.0.22621.1635)
OS uptime: 0 days 17:09 hours
Hyper-V role detected

CPU: total 16 (initial active 16) (16 cores per cpu, 2 threads per core) family 23 model 8 stepping 2 microcode 0x0, cx8, cmov, fxsr, ht, mmx, 3dnowpref, sse, sse2, sse3, ssse3, sse4a, sse4.1, sse4.2, popcnt, lzcnt, tsc, tscinvbit, avx, avx2, aes, clmul, bmi1, bmi2, adx, sha, fma, vzeroupper, clflush, clflushopt, hv, rdtscp, f16c
Processor Information for the first 16 processors :
  Max Mhz: 3700, Current Mhz: 3700, Mhz Limit: 3700

Memory: 4k page, system-wide physical 16332M (488M free)
TotalPageFile size 26572M (AvailPageFile size 29M)
current process WorkingSet (physical memory assigned to process): 214M, peak: 216M
current process commit charge ("private bytes"): 348M, peak: 349M

vm_info: OpenJDK 64-Bit Server VM (21.0.10+7-LTS) for windows-amd64 JRE (21.0.10+7-LTS), built on 2026-01-20T00:00:00Z by "admin" with MS VC++ 17.12 (VS2022)

END.
