#
# There is insufficient memory for the Java Runtime Environment to continue.
# Native memory allocation (malloc) failed to allocate 1345456 bytes. Error detail: Chunk::new
# Possible reasons:
#   The system is out of physical RAM or swap space
#   This process is running with CompressedOops enabled, and the Java Heap may be blocking the growth of the native heap
# Possible solutions:
#   Reduce memory load on the system
#   Increase physical memory or swap space
#   Check if swap backing store is full
#   Decrease Java heap size (-Xmx/-Xms)
#   Decrease number of Java threads
#   Decrease Java thread stack sizes (-Xss)
#   Set larger code cache with -XX:ReservedCodeCacheSize=
#   JVM is running with Unscaled Compressed Oops mode in which the Java heap is
#     placed in the first 4GB address space. The Java Heap base address is the
#     maximum limit for the native heap growth. Please use -XX:HeapBaseMinAddress
#     to set the Java Heap base and to place the Java Heap above 4GB virtual address.
# This output file may be truncated or incomplete.
#
#  Out of Memory Error (arena.cpp:168), pid=29376, tid=30784
#
# JRE version: OpenJDK Runtime Environment Temurin-21.0.10+7 (21.0.10+7) (build 21.0.10+7-LTS)
# Java VM: OpenJDK 64-Bit Server VM Temurin-21.0.10+7 (21.0.10+7-LTS, mixed mode, sharing, tiered, compressed oops, compressed class ptrs, parallel gc, windows-amd64)
# No core dump will be written. Minidumps are not enabled by default on client versions of Windows
#

---------------  S U M M A R Y ------------

Command Line: --add-modules=ALL-SYSTEM --add-opens=java.base/java.util=ALL-UNNAMED --add-opens=java.base/java.lang=ALL-UNNAMED --add-opens=java.base/sun.nio.fs=ALL-UNNAMED -Declipse.application=org.eclipse.jdt.ls.core.id1 -Dosgi.bundles.defaultStartLevel=4 -Declipse.product=org.eclipse.jdt.ls.core.product -Djava.import.generatesMetadataFilesAtProjectRoot=false -DDetectVMInstallationsJob.disabled=true -Dfile.encoding=utf8 -XX:+UseParallelGC -XX:GCTimeRatio=4 -XX:AdaptiveSizePolicyWeight=90 -Dsun.zip.disableMemoryMapping=true -Xmx2G -Xms100m -Xlog:disable -javaagent:c:\Users\Administrator\.antigravity\extensions\redhat.java-1.53.0-win32-x64\lombok\lombok-1.18.39-4050.jar -XX:+HeapDumpOnOutOfMemoryError -XX:HeapDumpPath=c:\Users\Administrator\AppData\Roaming\Antigravity\User\workspaceStorage\850beaf2ee5b814d691501917badf9ed\redhat.java -Daether.dependencyCollector.impl=bf c:\Users\Administrator\.antigravity\extensions\redhat.java-1.53.0-win32-x64\server\plugins\org.eclipse.equinox.launcher_1.7.100.v20251111-0406.jar -configuration c:\Users\Administrator\AppData\Roaming\Antigravity\User\globalStorage\redhat.java\1.53.0\config_win -data c:\Users\Administrator\AppData\Roaming\Antigravity\User\workspaceStorage\850beaf2ee5b814d691501917badf9ed\redhat.java\jdt_ws --pipe=\\.\pipe\lsp-84e38c23aceb57c4e242e10144bdcb2e-sock

Host: AMD Ryzen 7 2700X Eight-Core Processor         , 16 cores, 15G,  Windows 11 , 64 bit Build 22621 (10.0.22621.1635)
Time: Wed Mar 25 00:50:52 2026 elapsed time: 4.973717 seconds (0d 0h 0m 4s)

---------------  T H R E A D  ---------------

Current thread (0x00000211e41814a0):  JavaThread "C2 CompilerThread1" daemon [_thread_in_native, id=30784, stack(0x0000006ef7400000,0x0000006ef7500000) (1024K)]


Current CompileTask:
C2:4973 5972   !   4       org.eclipse.osgi.internal.loader.BundleLoader::findRequiredSource (283 bytes)

Stack: [0x0000006ef7400000,0x0000006ef7500000]
Native frames: (J=compiled Java code, j=interpreted, Vv=VM code, C=native code)
V  [jvm.dll+0x6d7a39]
V  [jvm.dll+0x8b4b26]
V  [jvm.dll+0x8b70de]
V  [jvm.dll+0x8b77c3]
V  [jvm.dll+0x284346]
V  [jvm.dll+0xc66ed]
V  [jvm.dll+0xc6c31]
V  [jvm.dll+0x3bec01]
V  [jvm.dll+0x1e3d62]
V  [jvm.dll+0x24c6b3]
V  [jvm.dll+0x24bb40]
V  [jvm.dll+0x1cb34e]
V  [jvm.dll+0x25b85d]
V  [jvm.dll+0x259dea]
V  [jvm.dll+0x3f857e]
V  [jvm.dll+0x85f59d]
V  [jvm.dll+0x6d626d]
C  [ucrtbase.dll+0x29363]
C  [KERNEL32.DLL+0x126ad]
C  [ntdll.dll+0x5a9f8]


---------------  P R O C E S S  ---------------

Threads class SMR info:
_java_thread_list=0x00000211ea04bc00, length=51, elements={
0x000002118ace6fb0, 0x00000211a179d110, 0x00000211a179e030, 0x00000211e3e39870,
0x00000211e3e3a7b0, 0x00000211e3e3bc90, 0x00000211e3e3d040, 0x00000211e3e44ff0,
0x00000211e3e46490, 0x00000211e3f3dc90, 0x00000211e3f42500, 0x00000211e40a37c0,
0x00000211e40a9c30, 0x00000211e41814a0, 0x00000211e4198890, 0x00000211e551e0a0,
0x00000211e5ba3490, 0x00000211ea104660, 0x00000211ea26aae0, 0x00000211ea2640c0,
0x00000211ea7ee5a0, 0x00000211ea536360, 0x00000211ea6f6880, 0x00000211ea273190,
0x00000211ea271de0, 0x00000211ea270a30, 0x00000211ea272b00, 0x00000211ea26fd10,
0x00000211ea2710c0, 0x00000211ea271750, 0x00000211ea2703a0, 0x00000211eca22480,
0x00000211eca21760, 0x00000211eca24550, 0x00000211eca24be0, 0x00000211eca25900,
0x00000211eca25270, 0x00000211eca210d0, 0x00000211eca21df0, 0x00000211eca25f90,
0x00000211eca26cb0, 0x00000211eca26620, 0x00000211eca22b10, 0x00000211eca27340,
0x00000211eca231a0, 0x00000211eca23830, 0x00000211eca279d0, 0x00000211eca28060,
0x00000211eca23ec0, 0x00000211eab711a0, 0x00000211eab74620
}

Java Threads: ( => current thread )
  0x000002118ace6fb0 JavaThread "main"                              [_thread_blocked, id=18568, stack(0x0000006ef6400000,0x0000006ef6500000) (1024K)]
  0x00000211a179d110 JavaThread "Reference Handler"          daemon [_thread_blocked, id=26084, stack(0x0000006ef6800000,0x0000006ef6900000) (1024K)]
  0x00000211a179e030 JavaThread "Finalizer"                  daemon [_thread_blocked, id=31532, stack(0x0000006ef6900000,0x0000006ef6a00000) (1024K)]
  0x00000211e3e39870 JavaThread "Signal Dispatcher"          daemon [_thread_blocked, id=30528, stack(0x0000006ef6a00000,0x0000006ef6b00000) (1024K)]
  0x00000211e3e3a7b0 JavaThread "Attach Listener"            daemon [_thread_blocked, id=22240, stack(0x0000006ef6b00000,0x0000006ef6c00000) (1024K)]
  0x00000211e3e3bc90 JavaThread "Service Thread"             daemon [_thread_blocked, id=26216, stack(0x0000006ef6c00000,0x0000006ef6d00000) (1024K)]
  0x00000211e3e3d040 JavaThread "Monitor Deflation Thread"   daemon [_thread_blocked, id=31648, stack(0x0000006ef6d00000,0x0000006ef6e00000) (1024K)]
  0x00000211e3e44ff0 JavaThread "C2 CompilerThread0"         daemon [_thread_in_native, id=24096, stack(0x0000006ef6e00000,0x0000006ef6f00000) (1024K)]
  0x00000211e3e46490 JavaThread "C1 CompilerThread0"         daemon [_thread_blocked, id=16528, stack(0x0000006ef6f00000,0x0000006ef7000000) (1024K)]
  0x00000211e3f3dc90 JavaThread "C1 CompilerThread1"         daemon [_thread_blocked, id=29860, stack(0x0000006ef7000000,0x0000006ef7100000) (1024K)]
  0x00000211e3f42500 JavaThread "C1 CompilerThread2"         daemon [_thread_blocked, id=27316, stack(0x0000006ef7100000,0x0000006ef7200000) (1024K)]
  0x00000211e40a37c0 JavaThread "Common-Cleaner"             daemon [_thread_blocked, id=25452, stack(0x0000006ef7200000,0x0000006ef7300000) (1024K)]
  0x00000211e40a9c30 JavaThread "C1 CompilerThread3"         daemon [_thread_blocked, id=20444, stack(0x0000006ef7300000,0x0000006ef7400000) (1024K)]
=>0x00000211e41814a0 JavaThread "C2 CompilerThread1"         daemon [_thread_in_native, id=30784, stack(0x0000006ef7400000,0x0000006ef7500000) (1024K)]
  0x00000211e4198890 JavaThread "Notification Thread"        daemon [_thread_blocked, id=30104, stack(0x0000006ef7500000,0x0000006ef7600000) (1024K)]
  0x00000211e551e0a0 JavaThread "C2 CompilerThread2"         daemon [_thread_in_native, id=9264, stack(0x0000006ef7600000,0x0000006ef7700000) (1024K)]
  0x00000211e5ba3490 JavaThread "Active Thread: Equinox Container: 2e5f2623-3248-4ca6-a3aa-d42f06971bbd"        [_thread_blocked, id=25620, stack(0x0000006ef7d00000,0x0000006ef7e00000) (1024K)]
  0x00000211ea104660 JavaThread "Refresh Thread: Equinox Container: 2e5f2623-3248-4ca6-a3aa-d42f06971bbd" daemon [_thread_blocked, id=15364, stack(0x0000006ef7f00000,0x0000006ef8000000) (1024K)]
  0x00000211ea26aae0 JavaThread "Framework Event Dispatcher: Equinox Container: 2e5f2623-3248-4ca6-a3aa-d42f06971bbd" daemon [_thread_blocked, id=31416, stack(0x0000006ef8000000,0x0000006ef8100000) (1024K)]
  0x00000211ea2640c0 JavaThread "Start Level: Equinox Container: 2e5f2623-3248-4ca6-a3aa-d42f06971bbd" daemon [_thread_blocked, id=26356, stack(0x0000006ef8100000,0x0000006ef8200000) (1024K)]
  0x00000211ea7ee5a0 JavaThread "Bundle File Closer"         daemon [_thread_blocked, id=25844, stack(0x0000006ef8500000,0x0000006ef8600000) (1024K)]
  0x00000211ea536360 JavaThread "SCR Component Actor"        daemon [_thread_blocked, id=31732, stack(0x0000006ef8700000,0x0000006ef8800000) (1024K)]
  0x00000211ea6f6880 JavaThread "Worker-JM"                         [_thread_blocked, id=24732, stack(0x0000006ef8800000,0x0000006ef8900000) (1024K)]
  0x00000211ea273190 JavaThread "JNA Cleaner"                daemon [_thread_blocked, id=14164, stack(0x0000006ef8a00000,0x0000006ef8b00000) (1024K)]
  0x00000211ea271de0 JavaThread "Worker-0: Loading available Gradle versions"        [_thread_in_native, id=26036, stack(0x0000006ef8b00000,0x0000006ef8c00000) (1024K)]
  0x00000211ea270a30 JavaThread "Worker-1: Initialize After Load"        [_thread_blocked, id=14448, stack(0x0000006ef8c00000,0x0000006ef8d00000) (1024K)]
  0x00000211ea272b00 JavaThread "Java indexing"              daemon [_thread_blocked, id=2712, stack(0x0000006ef8d00000,0x0000006ef8e00000) (1024K)]
  0x00000211ea26fd10 JavaThread "Worker-2"                          [_thread_blocked, id=14188, stack(0x0000006ef9000000,0x0000006ef9100000) (1024K)]
  0x00000211ea2710c0 JavaThread "Worker-3: Updating Maven Dependencies"        [_thread_in_vm, id=17948, stack(0x0000006ef9100000,0x0000006ef9200000) (1024K)]
  0x00000211ea271750 JavaThread "Thread-1"                   daemon [_thread_in_native, id=29512, stack(0x0000006ef9200000,0x0000006ef9300000) (1024K)]
  0x00000211ea2703a0 JavaThread "Thread-2"                   daemon [_thread_in_native, id=30764, stack(0x0000006ef9300000,0x0000006ef9400000) (1024K)]
  0x00000211eca22480 JavaThread "Thread-3"                   daemon [_thread_in_native, id=31224, stack(0x0000006ef9400000,0x0000006ef9500000) (1024K)]
  0x00000211eca21760 JavaThread "Thread-4"                   daemon [_thread_in_native, id=14480, stack(0x0000006ef9500000,0x0000006ef9600000) (1024K)]
  0x00000211eca24550 JavaThread "Thread-5"                   daemon [_thread_in_native, id=31632, stack(0x0000006ef9600000,0x0000006ef9700000) (1024K)]
  0x00000211eca24be0 JavaThread "Thread-6"                   daemon [_thread_in_native, id=16964, stack(0x0000006ef9700000,0x0000006ef9800000) (1024K)]
  0x00000211eca25900 JavaThread "Thread-7"                   daemon [_thread_in_native, id=30476, stack(0x0000006ef9800000,0x0000006ef9900000) (1024K)]
  0x00000211eca25270 JavaThread "Thread-8"                   daemon [_thread_in_native, id=12656, stack(0x0000006ef9900000,0x0000006ef9a00000) (1024K)]
  0x00000211eca210d0 JavaThread "Thread-9"                   daemon [_thread_in_native, id=9808, stack(0x0000006ef9a00000,0x0000006ef9b00000) (1024K)]
  0x00000211eca21df0 JavaThread "Thread-10"                  daemon [_thread_in_native, id=29408, stack(0x0000006ef9b00000,0x0000006ef9c00000) (1024K)]
  0x00000211eca25f90 JavaThread "Thread-11"                  daemon [_thread_in_native, id=13468, stack(0x0000006ef9c00000,0x0000006ef9d00000) (1024K)]
  0x00000211eca26cb0 JavaThread "Thread-12"                  daemon [_thread_in_native, id=27792, stack(0x0000006ef9d00000,0x0000006ef9e00000) (1024K)]
  0x00000211eca26620 JavaThread "Thread-13"                  daemon [_thread_in_native, id=30936, stack(0x0000006ef9e00000,0x0000006ef9f00000) (1024K)]
  0x00000211eca22b10 JavaThread "Thread-14"                  daemon [_thread_in_native, id=26464, stack(0x0000006ef9f00000,0x0000006efa000000) (1024K)]
  0x00000211eca27340 JavaThread "Thread-15"                  daemon [_thread_in_native, id=11364, stack(0x0000006efa000000,0x0000006efa100000) (1024K)]
  0x00000211eca231a0 JavaThread "Thread-16"                  daemon [_thread_in_native, id=27776, stack(0x0000006efa100000,0x0000006efa200000) (1024K)]
  0x00000211eca23830 JavaThread "Thread-17"                  daemon [_thread_in_native, id=16208, stack(0x0000006efa200000,0x0000006efa300000) (1024K)]
  0x00000211eca279d0 JavaThread "pool-2-thread-1"                   [_thread_blocked, id=14056, stack(0x0000006efa300000,0x0000006efa400000) (1024K)]
  0x00000211eca28060 JavaThread "Worker-4: Repository registry initialization"        [_thread_blocked, id=31344, stack(0x0000006efa400000,0x0000006efa500000) (1024K)]
  0x00000211eca23ec0 JavaThread "WorkspaceEventsHandler"            [_thread_blocked, id=31468, stack(0x0000006efa600000,0x0000006efa700000) (1024K)]
  0x00000211eab711a0 JavaThread "pool-1-thread-1"                   [_thread_blocked, id=27304, stack(0x0000006efa700000,0x0000006efa800000) (1024K)]
  0x00000211eab74620 JavaThread "Worker-5"                          [_thread_blocked, id=26104, stack(0x0000006efa800000,0x0000006efa900000) (1024K)]
Total: 51

Other Threads:
  0x00000211a1784ac0 VMThread "VM Thread"                           [id=31316, stack(0x0000006ef6700000,0x0000006ef6800000) (1024K)]
  0x00000211a167ca00 WatcherThread "VM Periodic Task Thread"        [id=27544, stack(0x0000006ef6600000,0x0000006ef6700000) (1024K)]
  0x000002118ad07850 WorkerThread "GC Thread#0"                     [id=24088, stack(0x0000006ef6500000,0x0000006ef6600000) (1024K)]
  0x00000211ea0528b0 WorkerThread "GC Thread#1"                     [id=26012, stack(0x0000006ef7700000,0x0000006ef7800000) (1024K)]
  0x00000211ea053b20 WorkerThread "GC Thread#2"                     [id=13180, stack(0x0000006ef7800000,0x0000006ef7900000) (1024K)]
  0x00000211ea052c60 WorkerThread "GC Thread#3"                     [id=31156, stack(0x0000006ef7900000,0x0000006ef7a00000) (1024K)]
  0x00000211ea052150 WorkerThread "GC Thread#4"                     [id=31460, stack(0x0000006ef7a00000,0x0000006ef7b00000) (1024K)]
  0x00000211ea053770 WorkerThread "GC Thread#5"                     [id=23468, stack(0x0000006ef7b00000,0x0000006ef7c00000) (1024K)]
  0x00000211ea052500 WorkerThread "GC Thread#6"                     [id=30916, stack(0x0000006ef7c00000,0x0000006ef7d00000) (1024K)]
  0x00000211ea189210 WorkerThread "GC Thread#7"                     [id=8772, stack(0x0000006ef7e00000,0x0000006ef7f00000) (1024K)]
  0x00000211ea187840 WorkerThread "GC Thread#8"                     [id=25980, stack(0x0000006ef8200000,0x0000006ef8300000) (1024K)]
  0x00000211ea1895c0 WorkerThread "GC Thread#9"                     [id=11572, stack(0x0000006ef8300000,0x0000006ef8400000) (1024K)]
  0x00000211ea188ab0 WorkerThread "GC Thread#10"                    [id=30000, stack(0x0000006ef8400000,0x0000006ef8500000) (1024K)]
  0x00000211ea186d30 WorkerThread "GC Thread#11"                    [id=30960, stack(0x0000006ef8600000,0x0000006ef8700000) (1024K)]
  0x00000211ea188700 WorkerThread "GC Thread#12"                    [id=11732, stack(0x0000006ef8900000,0x0000006ef8a00000) (1024K)]
Total: 15

Threads with active compile tasks:
C2 CompilerThread0  4995 6610 %     4       com.google.inject.internal.aop.ImmutableStringTrie::nextPivotColumn @ 17 (55 bytes)
C1 CompilerThread1  4995 6612       3       org.objectweb.asm.MethodWriter::visitLdcInsn (215 bytes)
C2 CompilerThread1  4995 5972   !   4       org.eclipse.osgi.internal.loader.BundleLoader::findRequiredSource (283 bytes)
C2 CompilerThread2  4995 6304   !   4       org.eclipse.osgi.internal.loader.BundleLoader::findClass0 (490 bytes)
Total: 4

VM state: not at safepoint (normal execution)

VM Mutex/Monitor currently owned by a thread:  ([mutex/lock_event])
[0x00007ffe306aebe0] SystemDictionary_lock - owner thread: 0x0000000000000000

Heap address: 0x0000000080000000, size: 2048 MB, Compressed Oops mode: 32-bit

CDS archive(s) mapped at: [0x00000211a2000000-0x00000211a2ba0000-0x00000211a2ba0000), size 12189696, SharedBaseAddress: 0x00000211a2000000, ArchiveRelocationMode: 1.
Compressed class space mapped at: 0x00000211a3000000-0x00000211e3000000, reserved size: 1073741824
Narrow klass base: 0x00000211a2000000, Narrow klass shift: 0, Narrow klass range: 0x100000000

GC Precious Log:
 CardTable entry size: 512
 CPUs: 16 total, 16 available
 Memory: 16332M
 Large Page Support: Disabled
 NUMA Support: Disabled
 Compressed Oops: Enabled (32-bit)
 Alignments: Space 512K, Generation 512K, Heap 2M
 Heap Min Capacity: 100M
 Heap Initial Capacity: 100M
 Heap Max Capacity: 2G
 Pre-touch: Disabled
 Parallel Workers: 13

Heap:
 PSYoungGen      total 23040K, used 2928K [0x00000000d5580000, 0x00000000d6d80000, 0x0000000100000000)
  eden space 21504K, 6% used [0x00000000d5580000,0x00000000d56f4118,0x00000000d6a80000)
  from space 1536K, 93% used [0x00000000d6a80000,0x00000000d6be8000,0x00000000d6c00000)
  to   space 1536K, 0% used [0x00000000d6c00000,0x00000000d6c00000,0x00000000d6d80000)
 ParOldGen       total 68608K, used 25043K [0x0000000080000000, 0x0000000084300000, 0x00000000d5580000)
  object space 68608K, 36% used [0x0000000080000000,0x0000000081874e78,0x0000000084300000)
 Metaspace       used 45622K, committed 46784K, reserved 1114112K
  class space    used 4938K, committed 5440K, reserved 1048576K

Card table byte_map: [0x000002118a6c0000,0x000002118aad0000] _byte_map_base: 0x000002118a2c0000

Marking Bits: (ParMarkBitMap*) 0x00007ffe306b3450
 Begin Bits: [0x000002119d1a0000, 0x000002119f1a0000)
 End Bits:   [0x000002119f1a0000, 0x00000211a11a0000)

Polling page: 0x000002118a4b0000

Metaspace:

Usage:
  Non-class:     39.73 MB used.
      Class:      4.82 MB used.
       Both:     44.55 MB used.

Virtual space:
  Non-class space:       64.00 MB reserved,      40.38 MB ( 63%) committed,  1 nodes.
      Class space:        1.00 GB reserved,       5.31 MB ( <1%) committed,  1 nodes.
             Both:        1.06 GB reserved,      45.69 MB (  4%) committed. 

Chunk freelists:
   Non-Class:  7.03 MB
       Class:  10.39 MB
        Both:  17.42 MB

MaxMetaspaceSize: unlimited
CompressedClassSpaceSize: 1.00 GB
Initial GC threshold: 21.00 MB
Current GC threshold: 58.38 MB
CDS: on
 - commit_granule_bytes: 65536.
 - commit_granule_words: 8192.
 - virtual_space_node_default_size: 8388608.
 - enlarge_chunks_in_place: 1.
 - use_allocation_guard: 0.


Internal statistics:

num_allocs_failed_limit: 6.
num_arena_births: 788.
num_arena_deaths: 14.
num_vsnodes_births: 2.
num_vsnodes_deaths: 0.
num_space_committed: 730.
num_space_uncommitted: 0.
num_chunks_returned_to_freelist: 20.
num_chunks_taken_from_freelist: 2680.
num_chunk_merges: 7.
num_chunk_splits: 1688.
num_chunks_enlarged: 1037.
num_inconsistent_stats: 0.

CodeHeap 'non-profiled nmethods': size=119168Kb used=2757Kb max_used=2757Kb free=116410Kb
 bounds [0x0000021195a90000, 0x0000021195d50000, 0x000002119cef0000]
CodeHeap 'profiled nmethods': size=119104Kb used=12522Kb max_used=12522Kb free=106581Kb
 bounds [0x000002118def0000, 0x000002118eb30000, 0x0000021195340000]
CodeHeap 'non-nmethods': size=7488Kb used=3066Kb max_used=3138Kb free=4422Kb
 bounds [0x0000021195340000, 0x0000021195660000, 0x0000021195a90000]
CodeCache: size=245760Kb, used=18345Kb, max_used=18417Kb, free=227413Kb
 total_blobs=6683, nmethods=6002, adapters=584, full_count=0
Compilation: enabled, stopped_count=0, restarted_count=0

Compilation events (20 events):
Event: 4.950 Thread 0x00000211e3f3dc90 6591       3       com.google.inject.internal.InternalInjectorCreator::isEagerSingleton (62 bytes)
Event: 4.950 Thread 0x00000211e3f42500 6592       3       com.google.inject.internal.Scoping::isEagerSingleton (38 bytes)
Event: 4.951 Thread 0x00000211e3f42500 nmethod 6592 0x000002118eb21110 code [0x000002118eb212c0, 0x000002118eb21530]
Event: 4.951 Thread 0x00000211e3f3dc90 nmethod 6591 0x000002118eb21610 code [0x000002118eb21840, 0x000002118eb22138]
Event: 4.952 Thread 0x00000211e3e44ff0 nmethod 6542 0x0000021195d3e390 code [0x0000021195d3e540, 0x0000021195d3e8c0]
Event: 4.952 Thread 0x00000211e3e44ff0 6543       4       java.util.AbstractCollection::isEmpty (13 bytes)
Event: 4.953 Thread 0x00000211e3e44ff0 nmethod 6543 0x0000021195d3ea90 code [0x0000021195d3ec20, 0x0000021195d3ecd8]
Event: 4.963 Thread 0x00000211e3f3dc90 6593       3       org.eclipse.sisu.inject.Implementations$ClassFinder::visit (6 bytes)
Event: 4.963 Thread 0x00000211e3e46490 6594       3       org.eclipse.sisu.inject.Implementations$ClassFinder::visit (13 bytes)
Event: 4.964 Thread 0x00000211e40a9c30 6595       1       com.google.inject.spi.ElementSource::getDeclaringSource (5 bytes)
Event: 4.964 Thread 0x00000211e3e46490 nmethod 6594 0x000002118eb22390 code [0x000002118eb22540, 0x000002118eb226f8]
Event: 4.964 Thread 0x00000211e3f3dc90 nmethod 6593 0x000002118eb22890 code [0x000002118eb22a40, 0x000002118eb22cc0]
Event: 4.964 Thread 0x00000211e40a9c30 nmethod 6595 0x0000021195d3ed90 code [0x0000021195d3ef20, 0x0000021195d3efe8]
Event: 4.964 Thread 0x00000211e3e46490 6596       3       org.eclipse.sisu.inject.InjectorBindings::isAssignableFrom (29 bytes)
Event: 4.964 Thread 0x00000211e3f42500 6597       3       org.eclipse.sisu.inject.Implementations::find (13 bytes)
Event: 4.964 Thread 0x00000211e3f3dc90 6598       3       org.eclipse.sisu.inject.TypeArguments::isAssignableFrom (161 bytes)
Event: 4.964 Thread 0x00000211e3f42500 nmethod 6597 0x000002118eb22e90 code [0x000002118eb23040, 0x000002118eb232f0]
Event: 4.964 Thread 0x00000211e3e46490 nmethod 6596 0x000002118eb23410 code [0x000002118eb23600, 0x000002118eb23b00]
Event: 4.965 Thread 0x00000211e3f3dc90 nmethod 6598 0x000002118eb23d10 code [0x000002118eb240a0, 0x000002118eb25960]
Event: 4.968 Thread 0x00000211e3e44ff0 6599       4       org.eclipse.osgi.storage.bundlefile.NestedDirBundleFile::filterPath (67 bytes)

GC Heap History (20 events):
Event: 3.052 GC heap before
{Heap before GC invocations=11 (full 1):
 PSYoungGen      total 25600K, used 25132K [0x00000000d5580000, 0x00000000d7300000, 0x0000000100000000)
  eden space 22016K, 99% used [0x00000000d5580000,0x00000000d6af7c98,0x00000000d6b00000)
  from space 3584K, 87% used [0x00000000d6b80000,0x00000000d6e935b8,0x00000000d6f00000)
  to   space 4096K, 0% used [0x00000000d6f00000,0x00000000d6f00000,0x00000000d7300000)
 ParOldGen       total 68608K, used 16144K [0x0000000080000000, 0x0000000084300000, 0x00000000d5580000)
  object space 68608K, 23% used [0x0000000080000000,0x0000000080fc4248,0x0000000084300000)
 Metaspace       used 25712K, committed 26560K, reserved 1114112K
  class space    used 2543K, committed 2944K, reserved 1048576K
}
Event: 3.054 GC heap after
{Heap after GC invocations=11 (full 1):
 PSYoungGen      total 25600K, used 3304K [0x00000000d5580000, 0x00000000d7280000, 0x0000000100000000)
  eden space 22016K, 0% used [0x00000000d5580000,0x00000000d5580000,0x00000000d6b00000)
  from space 3584K, 92% used [0x00000000d6f00000,0x00000000d723a2c8,0x00000000d7280000)
  to   space 3584K, 0% used [0x00000000d6b80000,0x00000000d6b80000,0x00000000d6f00000)
 ParOldGen       total 68608K, used 16152K [0x0000000080000000, 0x0000000084300000, 0x00000000d5580000)
  object space 68608K, 23% used [0x0000000080000000,0x0000000080fc6248,0x0000000084300000)
 Metaspace       used 25712K, committed 26560K, reserved 1114112K
  class space    used 2543K, committed 2944K, reserved 1048576K
}
Event: 3.182 GC heap before
{Heap before GC invocations=12 (full 1):
 PSYoungGen      total 25600K, used 25320K [0x00000000d5580000, 0x00000000d7280000, 0x0000000100000000)
  eden space 22016K, 100% used [0x00000000d5580000,0x00000000d6b00000,0x00000000d6b00000)
  from space 3584K, 92% used [0x00000000d6f00000,0x00000000d723a2c8,0x00000000d7280000)
  to   space 3584K, 0% used [0x00000000d6b80000,0x00000000d6b80000,0x00000000d6f00000)
 ParOldGen       total 68608K, used 16152K [0x0000000080000000, 0x0000000084300000, 0x00000000d5580000)
  object space 68608K, 23% used [0x0000000080000000,0x0000000080fc6248,0x0000000084300000)
 Metaspace       used 27159K, committed 28032K, reserved 1114112K
  class space    used 2632K, committed 3008K, reserved 1048576K
}
Event: 3.185 GC heap after
{Heap after GC invocations=12 (full 1):
 PSYoungGen      total 24576K, used 2465K [0x00000000d5580000, 0x00000000d7100000, 0x0000000100000000)
  eden space 22016K, 0% used [0x00000000d5580000,0x00000000d5580000,0x00000000d6b00000)
  from space 2560K, 96% used [0x00000000d6b80000,0x00000000d6de8708,0x00000000d6e00000)
  to   space 3072K, 0% used [0x00000000d6e00000,0x00000000d6e00000,0x00000000d7100000)
 ParOldGen       total 68608K, used 17019K [0x0000000080000000, 0x0000000084300000, 0x00000000d5580000)
  object space 68608K, 24% used [0x0000000080000000,0x000000008109ed40,0x0000000084300000)
 Metaspace       used 27159K, committed 28032K, reserved 1114112K
  class space    used 2632K, committed 3008K, reserved 1048576K
}
Event: 3.497 GC heap before
{Heap before GC invocations=13 (full 1):
 PSYoungGen      total 24576K, used 24478K [0x00000000d5580000, 0x00000000d7100000, 0x0000000100000000)
  eden space 22016K, 99% used [0x00000000d5580000,0x00000000d6aff4c0,0x00000000d6b00000)
  from space 2560K, 96% used [0x00000000d6b80000,0x00000000d6de8708,0x00000000d6e00000)
  to   space 3072K, 0% used [0x00000000d6e00000,0x00000000d6e00000,0x00000000d7100000)
 ParOldGen       total 68608K, used 17019K [0x0000000080000000, 0x0000000084300000, 0x00000000d5580000)
  object space 68608K, 24% used [0x0000000080000000,0x000000008109ed40,0x0000000084300000)
 Metaspace       used 30400K, committed 31296K, reserved 1114112K
  class space    used 2964K, committed 3392K, reserved 1048576K
}
Event: 3.500 GC heap after
{Heap after GC invocations=13 (full 1):
 PSYoungGen      total 24064K, used 1726K [0x00000000d5580000, 0x00000000d7000000, 0x0000000100000000)
  eden space 22016K, 0% used [0x00000000d5580000,0x00000000d5580000,0x00000000d6b00000)
  from space 2048K, 84% used [0x00000000d6e00000,0x00000000d6fafa78,0x00000000d7000000)
  to   space 2560K, 0% used [0x00000000d6b00000,0x00000000d6b00000,0x00000000d6d80000)
 ParOldGen       total 68608K, used 18891K [0x0000000080000000, 0x0000000084300000, 0x00000000d5580000)
  object space 68608K, 27% used [0x0000000080000000,0x0000000081272f80,0x0000000084300000)
 Metaspace       used 30400K, committed 31296K, reserved 1114112K
  class space    used 2964K, committed 3392K, reserved 1048576K
}
Event: 3.613 GC heap before
{Heap before GC invocations=14 (full 1):
 PSYoungGen      total 24064K, used 23742K [0x00000000d5580000, 0x00000000d7000000, 0x0000000100000000)
  eden space 22016K, 100% used [0x00000000d5580000,0x00000000d6b00000,0x00000000d6b00000)
  from space 2048K, 84% used [0x00000000d6e00000,0x00000000d6fafa78,0x00000000d7000000)
  to   space 2560K, 0% used [0x00000000d6b00000,0x00000000d6b00000,0x00000000d6d80000)
 ParOldGen       total 68608K, used 18891K [0x0000000080000000, 0x0000000084300000, 0x00000000d5580000)
  object space 68608K, 27% used [0x0000000080000000,0x0000000081272f80,0x0000000084300000)
 Metaspace       used 33123K, committed 34112K, reserved 1114112K
  class space    used 3283K, committed 3712K, reserved 1048576K
}
Event: 3.616 GC heap after
{Heap after GC invocations=14 (full 1):
 PSYoungGen      total 23552K, used 1457K [0x00000000d5580000, 0x00000000d6f00000, 0x0000000100000000)
  eden space 22016K, 0% used [0x00000000d5580000,0x00000000d5580000,0x00000000d6b00000)
  from space 1536K, 94% used [0x00000000d6b00000,0x00000000d6c6c648,0x00000000d6c80000)
  to   space 2048K, 0% used [0x00000000d6d00000,0x00000000d6d00000,0x00000000d6f00000)
 ParOldGen       total 68608K, used 20463K [0x0000000080000000, 0x0000000084300000, 0x00000000d5580000)
  object space 68608K, 29% used [0x0000000080000000,0x00000000813fbfd8,0x0000000084300000)
 Metaspace       used 33123K, committed 34112K, reserved 1114112K
  class space    used 3283K, committed 3712K, reserved 1048576K
}
Event: 3.756 GC heap before
{Heap before GC invocations=15 (full 1):
 PSYoungGen      total 23552K, used 20509K [0x00000000d5580000, 0x00000000d6f00000, 0x0000000100000000)
  eden space 22016K, 86% used [0x00000000d5580000,0x00000000d681b030,0x00000000d6b00000)
  from space 1536K, 94% used [0x00000000d6b00000,0x00000000d6c6c648,0x00000000d6c80000)
  to   space 2048K, 0% used [0x00000000d6d00000,0x00000000d6d00000,0x00000000d6f00000)
 ParOldGen       total 68608K, used 20463K [0x0000000080000000, 0x0000000084300000, 0x00000000d5580000)
  object space 68608K, 29% used [0x0000000080000000,0x00000000813fbfd8,0x0000000084300000)
 Metaspace       used 34839K, committed 35840K, reserved 1114112K
  class space    used 3492K, committed 3968K, reserved 1048576K
}
Event: 3.758 GC heap after
{Heap after GC invocations=15 (full 1):
 PSYoungGen      total 24064K, used 1664K [0x00000000d5580000, 0x00000000d6f00000, 0x0000000100000000)
  eden space 22016K, 0% used [0x00000000d5580000,0x00000000d5580000,0x00000000d6b00000)
  from space 2048K, 81% used [0x00000000d6d00000,0x00000000d6ea0000,0x00000000d6f00000)
  to   space 2048K, 0% used [0x00000000d6b00000,0x00000000d6b00000,0x00000000d6d00000)
 ParOldGen       total 68608K, used 21723K [0x0000000080000000, 0x0000000084300000, 0x00000000d5580000)
  object space 68608K, 31% used [0x0000000080000000,0x0000000081536f18,0x0000000084300000)
 Metaspace       used 34839K, committed 35840K, reserved 1114112K
  class space    used 3492K, committed 3968K, reserved 1048576K
}
Event: 3.758 GC heap before
{Heap before GC invocations=16 (full 2):
 PSYoungGen      total 24064K, used 1664K [0x00000000d5580000, 0x00000000d6f00000, 0x0000000100000000)
  eden space 22016K, 0% used [0x00000000d5580000,0x00000000d5580000,0x00000000d6b00000)
  from space 2048K, 81% used [0x00000000d6d00000,0x00000000d6ea0000,0x00000000d6f00000)
  to   space 2048K, 0% used [0x00000000d6b00000,0x00000000d6b00000,0x00000000d6d00000)
 ParOldGen       total 68608K, used 21723K [0x0000000080000000, 0x0000000084300000, 0x00000000d5580000)
  object space 68608K, 31% used [0x0000000080000000,0x0000000081536f18,0x0000000084300000)
 Metaspace       used 34839K, committed 35840K, reserved 1114112K
  class space    used 3492K, committed 3968K, reserved 1048576K
}
Event: 3.790 GC heap after
{Heap after GC invocations=16 (full 2):
 PSYoungGen      total 24064K, used 0K [0x00000000d5580000, 0x00000000d6f00000, 0x0000000100000000)
  eden space 22016K, 0% used [0x00000000d5580000,0x00000000d5580000,0x00000000d6b00000)
  from space 2048K, 0% used [0x00000000d6d00000,0x00000000d6d00000,0x00000000d6f00000)
  to   space 2048K, 0% used [0x00000000d6b00000,0x00000000d6b00000,0x00000000d6d00000)
 ParOldGen       total 68608K, used 22364K [0x0000000080000000, 0x0000000084300000, 0x00000000d5580000)
  object space 68608K, 32% used [0x0000000080000000,0x00000000815d7168,0x0000000084300000)
 Metaspace       used 34839K, committed 35840K, reserved 1114112K
  class space    used 3492K, committed 3968K, reserved 1048576K
}
Event: 3.960 GC heap before
{Heap before GC invocations=17 (full 2):
 PSYoungGen      total 24064K, used 22016K [0x00000000d5580000, 0x00000000d6f00000, 0x0000000100000000)
  eden space 22016K, 100% used [0x00000000d5580000,0x00000000d6b00000,0x00000000d6b00000)
  from space 2048K, 0% used [0x00000000d6d00000,0x00000000d6d00000,0x00000000d6f00000)
  to   space 2048K, 0% used [0x00000000d6b00000,0x00000000d6b00000,0x00000000d6d00000)
 ParOldGen       total 68608K, used 22364K [0x0000000080000000, 0x0000000084300000, 0x00000000d5580000)
  object space 68608K, 32% used [0x0000000080000000,0x00000000815d7168,0x0000000084300000)
 Metaspace       used 37605K, committed 38720K, reserved 1114112K
  class space    used 3877K, committed 4416K, reserved 1048576K
}
Event: 3.962 GC heap after
{Heap after GC invocations=17 (full 2):
 PSYoungGen      total 23040K, used 832K [0x00000000d5580000, 0x00000000d6e00000, 0x0000000100000000)
  eden space 22016K, 0% used [0x00000000d5580000,0x00000000d5580000,0x00000000d6b00000)
  from space 1024K, 81% used [0x00000000d6b00000,0x00000000d6bd0000,0x00000000d6c00000)
  to   space 1536K, 0% used [0x00000000d6c80000,0x00000000d6c80000,0x00000000d6e00000)
 ParOldGen       total 68608K, used 22372K [0x0000000080000000, 0x0000000084300000, 0x00000000d5580000)
  object space 68608K, 32% used [0x0000000080000000,0x00000000815d9168,0x0000000084300000)
 Metaspace       used 37605K, committed 38720K, reserved 1114112K
  class space    used 3877K, committed 4416K, reserved 1048576K
}
Event: 4.122 GC heap before
{Heap before GC invocations=18 (full 2):
 PSYoungGen      total 23040K, used 22848K [0x00000000d5580000, 0x00000000d6e00000, 0x0000000100000000)
  eden space 22016K, 100% used [0x00000000d5580000,0x00000000d6b00000,0x00000000d6b00000)
  from space 1024K, 81% used [0x00000000d6b00000,0x00000000d6bd0000,0x00000000d6c00000)
  to   space 1536K, 0% used [0x00000000d6c80000,0x00000000d6c80000,0x00000000d6e00000)
 ParOldGen       total 68608K, used 22372K [0x0000000080000000, 0x0000000084300000, 0x00000000d5580000)
  object space 68608K, 32% used [0x0000000080000000,0x00000000815d9168,0x0000000084300000)
 Metaspace       used 39084K, committed 40192K, reserved 1114112K
  class space    used 4081K, committed 4544K, reserved 1048576K
}
Event: 4.124 GC heap after
{Heap after GC invocations=18 (full 2):
 PSYoungGen      total 23040K, used 925K [0x00000000d5580000, 0x00000000d6d80000, 0x0000000100000000)
  eden space 22016K, 0% used [0x00000000d5580000,0x00000000d5580000,0x00000000d6b00000)
  from space 1024K, 90% used [0x00000000d6c80000,0x00000000d6d67600,0x00000000d6d80000)
  to   space 1024K, 0% used [0x00000000d6b00000,0x00000000d6b00000,0x00000000d6c00000)
 ParOldGen       total 68608K, used 22996K [0x0000000080000000, 0x0000000084300000, 0x00000000d5580000)
  object space 68608K, 33% used [0x0000000080000000,0x0000000081675168,0x0000000084300000)
 Metaspace       used 39084K, committed 40192K, reserved 1114112K
  class space    used 4081K, committed 4544K, reserved 1048576K
}
Event: 4.316 GC heap before
{Heap before GC invocations=19 (full 2):
 PSYoungGen      total 23040K, used 22941K [0x00000000d5580000, 0x00000000d6d80000, 0x0000000100000000)
  eden space 22016K, 100% used [0x00000000d5580000,0x00000000d6b00000,0x00000000d6b00000)
  from space 1024K, 90% used [0x00000000d6c80000,0x00000000d6d67600,0x00000000d6d80000)
  to   space 1024K, 0% used [0x00000000d6b00000,0x00000000d6b00000,0x00000000d6c00000)
 ParOldGen       total 68608K, used 22996K [0x0000000080000000, 0x0000000084300000, 0x00000000d5580000)
  object space 68608K, 33% used [0x0000000080000000,0x0000000081675168,0x0000000084300000)
 Metaspace       used 40547K, committed 41728K, reserved 1114112K
  class space    used 4264K, committed 4800K, reserved 1048576K
}
Event: 4.318 GC heap after
{Heap after GC invocations=19 (full 2):
 PSYoungGen      total 23040K, used 896K [0x00000000d5580000, 0x00000000d6d00000, 0x0000000100000000)
  eden space 22016K, 0% used [0x00000000d5580000,0x00000000d5580000,0x00000000d6b00000)
  from space 1024K, 87% used [0x00000000d6b00000,0x00000000d6be0000,0x00000000d6c00000)
  to   space 1024K, 0% used [0x00000000d6c00000,0x00000000d6c00000,0x00000000d6d00000)
 ParOldGen       total 68608K, used 23556K [0x0000000080000000, 0x0000000084300000, 0x00000000d5580000)
  object space 68608K, 34% used [0x0000000080000000,0x0000000081701178,0x0000000084300000)
 Metaspace       used 40547K, committed 41728K, reserved 1114112K
  class space    used 4264K, committed 4800K, reserved 1048576K
}
Event: 4.584 GC heap before
{Heap before GC invocations=20 (full 2):
 PSYoungGen      total 23040K, used 22912K [0x00000000d5580000, 0x00000000d6d00000, 0x0000000100000000)
  eden space 22016K, 100% used [0x00000000d5580000,0x00000000d6b00000,0x00000000d6b00000)
  from space 1024K, 87% used [0x00000000d6b00000,0x00000000d6be0000,0x00000000d6c00000)
  to   space 1024K, 0% used [0x00000000d6c00000,0x00000000d6c00000,0x00000000d6d00000)
 ParOldGen       total 68608K, used 23556K [0x0000000080000000, 0x0000000084300000, 0x00000000d5580000)
  object space 68608K, 34% used [0x0000000080000000,0x0000000081701178,0x0000000084300000)
 Metaspace       used 42952K, committed 44096K, reserved 1114112K
  class space    used 4579K, committed 5120K, reserved 1048576K
}
Event: 4.586 GC heap after
{Heap after GC invocations=20 (full 2):
 PSYoungGen      total 22528K, used 1024K [0x00000000d5580000, 0x00000000d6e00000, 0x0000000100000000)
  eden space 21504K, 0% used [0x00000000d5580000,0x00000000d5580000,0x00000000d6a80000)
  from space 1024K, 100% used [0x00000000d6c00000,0x00000000d6d00000,0x00000000d6d00000)
  to   space 1536K, 0% used [0x00000000d6a80000,0x00000000d6a80000,0x00000000d6c00000)
 ParOldGen       total 68608K, used 24220K [0x0000000080000000, 0x0000000084300000, 0x00000000d5580000)
  object space 68608K, 35% used [0x0000000080000000,0x00000000817a7178,0x0000000084300000)
 Metaspace       used 42952K, committed 44096K, reserved 1114112K
  class space    used 4579K, committed 5120K, reserved 1048576K
}

Dll operation events (11 events):
Event: 0.013 Loaded shared library c:\Users\Administrator\.antigravity\extensions\redhat.java-1.53.0-win32-x64\jre\21.0.10-win32-x86_64\bin\java.dll
Event: 0.037 Loaded shared library c:\Users\Administrator\.antigravity\extensions\redhat.java-1.53.0-win32-x64\jre\21.0.10-win32-x86_64\bin\zip.dll
Event: 0.096 Loaded shared library C:\Users\Administrator\.antigravity\extensions\redhat.java-1.53.0-win32-x64\jre\21.0.10-win32-x86_64\bin\instrument.dll
Event: 0.103 Loaded shared library C:\Users\Administrator\.antigravity\extensions\redhat.java-1.53.0-win32-x64\jre\21.0.10-win32-x86_64\bin\net.dll
Event: 0.107 Loaded shared library C:\Users\Administrator\.antigravity\extensions\redhat.java-1.53.0-win32-x64\jre\21.0.10-win32-x86_64\bin\nio.dll
Event: 0.110 Loaded shared library C:\Users\Administrator\.antigravity\extensions\redhat.java-1.53.0-win32-x64\jre\21.0.10-win32-x86_64\bin\zip.dll
Event: 0.129 Loaded shared library C:\Users\Administrator\.antigravity\extensions\redhat.java-1.53.0-win32-x64\jre\21.0.10-win32-x86_64\bin\jimage.dll
Event: 0.209 Loaded shared library c:\Users\Administrator\.antigravity\extensions\redhat.java-1.53.0-win32-x64\jre\21.0.10-win32-x86_64\bin\verify.dll
Event: 1.177 Loaded shared library C:\Users\Administrator\AppData\Roaming\Antigravity\User\globalStorage\redhat.java\1.53.0\config_win\org.eclipse.equinox.launcher\org.eclipse.equinox.launcher.win32.win32.x86_64_1.3.0.v20260203-2149\eclipse_11919.dll
Event: 2.257 Loaded shared library C:\Users\Administrator\AppData\Local\Temp\jna-146731693\jna7923754870248555109.dll
Event: 3.723 Loaded shared library C:\Users\Administrator\.antigravity\extensions\redhat.java-1.53.0-win32-x64\jre\21.0.10-win32-x86_64\bin\extnet.dll

Deoptimization events (20 events):
Event: 4.482 Thread 0x00000211ea2710c0 DEOPT PACKING pc=0x0000021195aecee8 sp=0x0000006ef91fe200
Event: 4.482 Thread 0x00000211ea2710c0 DEOPT UNPACKING pc=0x0000021195393aa2 sp=0x0000006ef91fe180 mode 2
Event: 4.482 Thread 0x00000211ea2710c0 Uncommon trap: trap_request=0xffffffd6 fr.pc=0x0000021195aecee8 relative=0x00000000000000c8
Event: 4.482 Thread 0x00000211ea2710c0 Uncommon trap: reason=array_check action=maybe_recompile pc=0x0000021195aecee8 method=java.util.stream.Nodes$FixedNodeBuilder.accept(Ljava/lang/Object;)V @ 28 c2
Event: 4.482 Thread 0x00000211ea2710c0 DEOPT PACKING pc=0x0000021195aecee8 sp=0x0000006ef91fe1e0
Event: 4.482 Thread 0x00000211ea2710c0 DEOPT UNPACKING pc=0x0000021195393aa2 sp=0x0000006ef91fe160 mode 2
Event: 4.482 Thread 0x00000211ea2710c0 Uncommon trap: trap_request=0xffffffd6 fr.pc=0x0000021195aecee8 relative=0x00000000000000c8
Event: 4.482 Thread 0x00000211ea2710c0 Uncommon trap: reason=array_check action=maybe_recompile pc=0x0000021195aecee8 method=java.util.stream.Nodes$FixedNodeBuilder.accept(Ljava/lang/Object;)V @ 28 c2
Event: 4.482 Thread 0x00000211ea2710c0 DEOPT PACKING pc=0x0000021195aecee8 sp=0x0000006ef91fe1e0
Event: 4.482 Thread 0x00000211ea2710c0 DEOPT UNPACKING pc=0x0000021195393aa2 sp=0x0000006ef91fe160 mode 2
Event: 4.694 Thread 0x00000211ea2710c0 Uncommon trap: trap_request=0xffffff45 fr.pc=0x0000021195bd7304 relative=0x00000000000002a4
Event: 4.694 Thread 0x00000211ea2710c0 Uncommon trap: reason=unstable_if action=reinterpret pc=0x0000021195bd7304 method=java.lang.ClassLoader.checkName(Ljava/lang/String;)Z @ 1 c2
Event: 4.694 Thread 0x00000211ea2710c0 DEOPT PACKING pc=0x0000021195bd7304 sp=0x0000006ef91fdda0
Event: 4.694 Thread 0x00000211ea2710c0 DEOPT UNPACKING pc=0x0000021195393aa2 sp=0x0000006ef91fdd38 mode 2
Event: 4.694 Thread 0x00000211ea2710c0 Uncommon trap: trap_request=0xffffff45 fr.pc=0x0000021195b4a1c8 relative=0x0000000000000f88
Event: 4.694 Thread 0x00000211ea2710c0 Uncommon trap: reason=unstable_if action=reinterpret pc=0x0000021195b4a1c8 method=lombok.patcher.ScriptManager$OurClassFileTransformer.transform(Ljava/lang/ClassLoader;Ljava/lang/String;Ljava/lang/Class;Ljava/security/ProtectionDomain;[B)[B @ 1 c2
Event: 4.694 Thread 0x00000211ea2710c0 DEOPT PACKING pc=0x0000021195b4a1c8 sp=0x0000006ef91fc930
Event: 4.694 Thread 0x00000211ea2710c0 DEOPT UNPACKING pc=0x0000021195393aa2 sp=0x0000006ef91fc8b0 mode 2
Event: 4.701 Thread 0x00000211ea2710c0 DEOPT PACKING pc=0x000002118e90b7d6 sp=0x0000006ef91fde90
Event: 4.701 Thread 0x00000211ea2710c0 DEOPT UNPACKING pc=0x0000021195394242 sp=0x0000006ef91fd3a0 mode 0

Classes loaded (20 events):
Event: 4.327 Loading class sun/reflect/annotation/AnnotatedTypeFactory$AnnotatedParameterizedTypeImpl
Event: 4.327 Loading class java/lang/reflect/AnnotatedParameterizedType
Event: 4.327 Loading class java/lang/reflect/AnnotatedParameterizedType done
Event: 4.327 Loading class sun/reflect/annotation/AnnotatedTypeFactory$AnnotatedParameterizedTypeImpl done
Event: 4.491 Loading class java/util/concurrent/CompletionService
Event: 4.492 Loading class java/util/concurrent/CompletionService done
Event: 4.544 Loading class sun/reflect/generics/scope/ConstructorScope
Event: 4.544 Loading class sun/reflect/generics/scope/ConstructorScope done
Event: 4.544 Loading class sun/reflect/generics/tree/VoidDescriptor
Event: 4.544 Loading class sun/reflect/generics/tree/VoidDescriptor done
Event: 4.556 Loading class java/nio/channels/ServerSocketChannel
Event: 4.556 Loading class java/nio/channels/ServerSocketChannel done
Event: 4.600 Loading class java/io/UncheckedIOException
Event: 4.600 Loading class java/io/UncheckedIOException done
Event: 4.679 Loading class java/lang/ExceptionInInitializerError
Event: 4.679 Loading class java/lang/ExceptionInInitializerError done
Event: 4.679 Loading class sun/misc/Unsafe
Event: 4.679 Loading class sun/misc/Unsafe done
Event: 4.692 Loading class jdk/internal/org/objectweb/asm/ClassReader
Event: 4.693 Loading class jdk/internal/org/objectweb/asm/ClassReader done

Classes unloaded (7 events):
Event: 2.768 Thread 0x00000211a1784ac0 Unloading class 0x00000211a31ac800 'java/lang/invoke/LambdaForm$MH+0x00000211a31ac800'
Event: 2.768 Thread 0x00000211a1784ac0 Unloading class 0x00000211a31ac400 'java/lang/invoke/LambdaForm$MH+0x00000211a31ac400'
Event: 2.768 Thread 0x00000211a1784ac0 Unloading class 0x00000211a31ac000 'java/lang/invoke/LambdaForm$MH+0x00000211a31ac000'
Event: 2.768 Thread 0x00000211a1784ac0 Unloading class 0x00000211a31abc00 'java/lang/invoke/LambdaForm$MH+0x00000211a31abc00'
Event: 2.768 Thread 0x00000211a1784ac0 Unloading class 0x00000211a31ab800 'java/lang/invoke/LambdaForm$BMH+0x00000211a31ab800'
Event: 2.768 Thread 0x00000211a1784ac0 Unloading class 0x00000211a31ab400 'java/lang/invoke/LambdaForm$DMH+0x00000211a31ab400'
Event: 2.768 Thread 0x00000211a1784ac0 Unloading class 0x00000211a31aa400 'java/lang/invoke/LambdaForm$DMH+0x00000211a31aa400'

Classes redefined (0 events):
No events

Internal exceptions (20 events):
Event: 3.727 Thread 0x00000211ea2710c0 Exception <a 'java/lang/NoSuchMethodError'{0x00000000d65d8fc0}: 'int java.lang.invoke.DirectMethodHandle$Holder.invokeStaticInit(java.lang.Object, float, float)'> (0x00000000d65d8fc0) 
thrown [s\src\hotspot\share\interpreter\linkResolver.cpp, line 773]
Event: 3.728 Thread 0x00000211ea2710c0 Exception <a 'java/lang/NoSuchMethodError'{0x00000000d65e9938}: 'int java.lang.invoke.DirectMethodHandle$Holder.invokeStaticInit(java.lang.Object, double, double)'> (0x00000000d65e9938) 
thrown [s\src\hotspot\share\interpreter\linkResolver.cpp, line 773]
Event: 3.729 Thread 0x00000211ea2710c0 Exception <a 'java/lang/NoSuchMethodError'{0x00000000d65edd30}: 'int java.lang.invoke.DirectMethodHandle$Holder.invokeStatic(java.lang.Object, long)'> (0x00000000d65edd30) 
thrown [s\src\hotspot\share\interpreter\linkResolver.cpp, line 773]
Event: 3.734 Thread 0x00000211ea2710c0 Exception <a 'java/lang/NoSuchMethodError'{0x00000000d665db60}: 'int java.lang.invoke.Invokers$Holder.linkToTargetMethod(java.lang.Object, java.lang.Object)'> (0x00000000d665db60) 
thrown [s\src\hotspot\share\interpreter\linkResolver.cpp, line 773]
Event: 3.838 Thread 0x00000211eca28060 Exception <a 'java/lang/NoSuchMethodError'{0x00000000d5a9da90}: 'int java.lang.invoke.DirectMethodHandle$Holder.invokeSpecial(java.lang.Object, java.lang.Object, java.lang.Object, java.lang.Object)'> (0x00000000d5a9da90) 
thrown [s\src\hotspot\share\interpreter\linkResolver.cpp, line 773]
Event: 3.840 Thread 0x00000211eca28060 Exception <a 'java/lang/NoSuchMethodError'{0x00000000d5ad8ee8}: 'java.lang.Object java.lang.invoke.DirectMethodHandle$Holder.invokeStatic(java.lang.Object, int, java.lang.Object, java.lang.Object)'> (0x00000000d5ad8ee8) 
thrown [s\src\hotspot\share\interpreter\linkResolver.cpp, line 773]
Event: 3.841 Thread 0x00000211eca28060 Exception <a 'java/lang/NoSuchMethodError'{0x00000000d5adc6c8}: 'java.lang.Object java.lang.invoke.DelegatingMethodHandle$Holder.delegate(java.lang.Object, int, java.lang.Object, java.lang.Object)'> (0x00000000d5adc6c8) 
thrown [s\src\hotspot\share\interpreter\linkResolver.cpp, line 773]
Event: 3.842 Thread 0x00000211eca28060 Implicit null exception at 0x0000021195cc92f6 to 0x0000021195cc9618
Event: 3.844 Thread 0x00000211eca28060 Exception <a 'java/lang/NoSuchMethodError'{0x00000000d5b0eff8}: 'int java.lang.invoke.Invokers$Holder.linkToTargetMethod(java.lang.Object, java.lang.Object, java.lang.Object)'> (0x00000000d5b0eff8) 
thrown [s\src\hotspot\share\interpreter\linkResolver.cpp, line 773]
Event: 3.959 Thread 0x000002118ace6fb0 Exception <a 'java/lang/NoSuchMethodError'{0x00000000d6adb988}: 'void java.lang.invoke.DirectMethodHandle$Holder.invokeSpecial(java.lang.Object, java.lang.Object, java.lang.Object, java.lang.Object, java.lang.Object, java.lang.Object)'> (0x00000000d6adb988) 
thrown [s\src\hotspot\share\interpreter\linkResolver.cpp, line 773]
Event: 3.962 Thread 0x000002118ace6fb0 Exception <a 'java/lang/IncompatibleClassChangeError'{0x00000000d559b660}: Found class java.lang.Object, but interface was expected> (0x00000000d559b660) 
thrown [s\src\hotspot\share\interpreter\linkResolver.cpp, line 840]
Event: 3.963 Thread 0x000002118ace6fb0 Exception <a 'java/lang/IncompatibleClassChangeError'{0x00000000d559d3a8}: Found class java.lang.Object, but interface was expected> (0x00000000d559d3a8) 
thrown [s\src\hotspot\share\interpreter\linkResolver.cpp, line 840]
Event: 4.044 Thread 0x00000211ea2710c0 Exception <a 'java/lang/NoClassDefFoundError'{0x00000000d63043d0}: javax/enterprise/inject/Typed> (0x00000000d63043d0) 
thrown [s\src\hotspot\share\classfile\systemDictionary.cpp, line 301]
Event: 4.677 Thread 0x00000211ea2710c0 Exception <a 'java/lang/NoSuchMethodError'{0x00000000d5bb10b8}: 'void java.lang.invoke.DirectMethodHandle$Holder.invokeStaticInit(java.lang.Object, java.lang.Object, java.lang.Object)'> (0x00000000d5bb10b8) 
thrown [s\src\hotspot\share\interpreter\linkResolver.cpp, line 773]
Event: 4.680 Thread 0x00000211ea2710c0 Exception <a 'java/lang/ExceptionInInitializerError'{0x00000000d5bf36d8}> (0x00000000d5bf36d8) 
thrown [s\src\hotspot\share\oops\instanceKlass.cpp, line 1220]
Event: 4.690 Thread 0x00000211ea2710c0 Exception <a 'java/lang/NoSuchMethodError'{0x00000000d5c76958}: 'long java.lang.invoke.DirectMethodHandle$Holder.invokeStatic(java.lang.Object, java.lang.Object, int)'> (0x00000000d5c76958) 
thrown [s\src\hotspot\share\interpreter\linkResolver.cpp, line 773]
Event: 4.694 Thread 0x00000211ea2710c0 Implicit null exception at 0x0000021195bd707e to 0x0000021195bd72f0
Event: 4.694 Thread 0x00000211ea2710c0 Implicit null exception at 0x0000021195b4929c to 0x0000021195b4a1b8
Event: 4.696 Thread 0x00000211ea2710c0 Exception <a 'java/lang/NoSuchMethodError'{0x00000000d5cc0498}: 'java.lang.Object java.lang.invoke.Invokers$Holder.invokeExact_MT(java.lang.Object, int, java.lang.Object)'> (0x00000000d5cc0498) 
thrown [s\src\hotspot\share\interpreter\linkResolver.cpp, line 773]
Event: 4.961 Thread 0x00000211ea2710c0 Exception <a 'java/lang/NoClassDefFoundError'{0x00000000d693fcd0}: com/google/inject/servlet/ServletModuleTargetVisitor> (0x00000000d693fcd0) 
thrown [s\src\hotspot\share\classfile\systemDictionary.cpp, line 301]

ZGC Phase Switch (0 events):
No events

VM Operations (20 events):
Event: 3.920 Executing non-safepoint VM operation: HandshakeAllThreads (Deoptimize)
Event: 3.920 Executing non-safepoint VM operation: HandshakeAllThreads (Deoptimize) done
Event: 3.960 Executing safepoint VM operation: ParallelGCFailedAllocation (Allocation Failure)
Event: 3.962 Executing safepoint VM operation: ParallelGCFailedAllocation (Allocation Failure) done
Event: 4.030 Executing non-safepoint VM operation: HandshakeAllThreads (Deoptimize)
Event: 4.030 Executing non-safepoint VM operation: HandshakeAllThreads (Deoptimize) done
Event: 4.122 Executing safepoint VM operation: ParallelGCFailedAllocation (Allocation Failure)
Event: 4.124 Executing safepoint VM operation: ParallelGCFailedAllocation (Allocation Failure) done
Event: 4.316 Executing safepoint VM operation: ParallelGCFailedAllocation (Allocation Failure)
Event: 4.318 Executing safepoint VM operation: ParallelGCFailedAllocation (Allocation Failure) done
Event: 4.372 Executing non-safepoint VM operation: HandshakeAllThreads (Deoptimize)
Event: 4.372 Executing non-safepoint VM operation: HandshakeAllThreads (Deoptimize) done
Event: 4.535 Executing non-safepoint VM operation: HandshakeAllThreads (Deoptimize)
Event: 4.535 Executing non-safepoint VM operation: HandshakeAllThreads (Deoptimize) done
Event: 4.584 Executing safepoint VM operation: ParallelGCFailedAllocation (Allocation Failure)
Event: 4.586 Executing safepoint VM operation: ParallelGCFailedAllocation (Allocation Failure) done
Event: 4.730 Executing non-safepoint VM operation: HandshakeAllThreads (Deoptimize)
Event: 4.730 Executing non-safepoint VM operation: HandshakeAllThreads (Deoptimize) done
Event: 4.946 Executing safepoint VM operation: ICBufferFull
Event: 4.946 Executing safepoint VM operation: ICBufferFull done

Memory protections (0 events):
No events

Nmethod flushes (20 events):
Event: 3.776 Thread 0x00000211a1784ac0 flushing  nmethod 0x000002118e5f9490
Event: 3.776 Thread 0x00000211a1784ac0 flushing  nmethod 0x000002118e629c10
Event: 3.776 Thread 0x00000211a1784ac0 flushing  nmethod 0x000002118e651990
Event: 3.776 Thread 0x00000211a1784ac0 flushing  nmethod 0x000002118e651d90
Event: 3.776 Thread 0x00000211a1784ac0 flushing  nmethod 0x000002118e653d10
Event: 3.776 Thread 0x00000211a1784ac0 flushing  nmethod 0x000002118e654f10
Event: 3.776 Thread 0x00000211a1784ac0 flushing  nmethod 0x000002118e655b90
Event: 3.776 Thread 0x00000211a1784ac0 flushing  nmethod 0x000002118e656310
Event: 3.776 Thread 0x00000211a1784ac0 flushing  nmethod 0x000002118e657890
Event: 3.776 Thread 0x00000211a1784ac0 flushing  nmethod 0x000002118e657d90
Event: 3.776 Thread 0x00000211a1784ac0 flushing  nmethod 0x000002118e658a90
Event: 3.776 Thread 0x00000211a1784ac0 flushing  nmethod 0x000002118e659a90
Event: 3.776 Thread 0x00000211a1784ac0 flushing  nmethod 0x000002118e65c410
Event: 3.776 Thread 0x00000211a1784ac0 flushing  nmethod 0x000002118e65de90
Event: 3.776 Thread 0x00000211a1784ac0 flushing  nmethod 0x000002118e69fb90
Event: 3.776 Thread 0x00000211a1784ac0 flushing  nmethod 0x000002118e6a6410
Event: 3.776 Thread 0x00000211a1784ac0 flushing  nmethod 0x000002118e6acf90
Event: 3.776 Thread 0x00000211a1784ac0 flushing  nmethod 0x000002118e6ad390
Event: 3.776 Thread 0x00000211a1784ac0 flushing  nmethod 0x000002118e756890
Event: 3.776 Thread 0x00000211a1784ac0 flushing  nmethod 0x000002118e757290

Events (20 events):
Event: 3.588 Thread 0x000002118ace6fb0 Thread added: 0x00000211eca22480
Event: 3.588 Thread 0x000002118ace6fb0 Thread added: 0x00000211eca21760
Event: 3.588 Thread 0x000002118ace6fb0 Thread added: 0x00000211eca24550
Event: 3.589 Thread 0x000002118ace6fb0 Thread added: 0x00000211eca24be0
Event: 3.589 Thread 0x000002118ace6fb0 Thread added: 0x00000211eca25900
Event: 3.589 Thread 0x000002118ace6fb0 Thread added: 0x00000211eca25270
Event: 3.589 Thread 0x000002118ace6fb0 Thread added: 0x00000211eca210d0
Event: 3.589 Thread 0x000002118ace6fb0 Thread added: 0x00000211eca21df0
Event: 3.590 Thread 0x000002118ace6fb0 Thread added: 0x00000211eca25f90
Event: 3.590 Thread 0x000002118ace6fb0 Thread added: 0x00000211eca26cb0
Event: 3.590 Thread 0x000002118ace6fb0 Thread added: 0x00000211eca26620
Event: 3.590 Thread 0x000002118ace6fb0 Thread added: 0x00000211eca22b10
Event: 3.590 Thread 0x000002118ace6fb0 Thread added: 0x00000211eca27340
Event: 3.591 Thread 0x000002118ace6fb0 Thread added: 0x00000211eca231a0
Event: 3.591 Thread 0x000002118ace6fb0 Thread added: 0x00000211eca23830
Event: 3.635 Thread 0x000002118ace6fb0 Thread added: 0x00000211eca279d0
Event: 3.683 Thread 0x00000211ea2710c0 Thread added: 0x00000211eca28060
Event: 3.983 Thread 0x000002118ace6fb0 Thread added: 0x00000211eca23ec0
Event: 3.983 Thread 0x000002118ace6fb0 Thread added: 0x00000211eab711a0
Event: 4.007 Thread 0x00000211ea26fd10 Thread added: 0x00000211eab74620


Dynamic libraries:
0x00007ff781760000 - 0x00007ff78176e000 	c:\Users\Administrator\.antigravity\extensions\redhat.java-1.53.0-win32-x64\jre\21.0.10-win32-x86_64\bin\java.exe
0x00007ffee7030000 - 0x00007ffee7244000 	C:\windows\SYSTEM32\ntdll.dll
0x00007ffee5b90000 - 0x00007ffee5c52000 	C:\windows\System32\KERNEL32.DLL
0x00007ffee4470000 - 0x00007ffee4813000 	C:\windows\System32\KERNELBASE.dll
0x00007ffee4060000 - 0x00007ffee4171000 	C:\windows\System32\ucrtbase.dll
0x00007ffea81c0000 - 0x00007ffea81d8000 	c:\Users\Administrator\.antigravity\extensions\redhat.java-1.53.0-win32-x64\jre\21.0.10-win32-x86_64\bin\jli.dll
0x00007ffea92e0000 - 0x00007ffea92fe000 	c:\Users\Administrator\.antigravity\extensions\redhat.java-1.53.0-win32-x64\jre\21.0.10-win32-x86_64\bin\VCRUNTIME140.dll
0x00007ffee5580000 - 0x00007ffee572b000 	C:\windows\System32\USER32.dll
0x00007ffee4a20000 - 0x00007ffee4a46000 	C:\windows\System32\win32u.dll
0x00007ffee6020000 - 0x00007ffee6049000 	C:\windows\System32\GDI32.dll
0x00007ffee4900000 - 0x00007ffee4a18000 	C:\windows\System32\gdi32full.dll
0x00007ffee4a50000 - 0x00007ffee4aea000 	C:\windows\System32\msvcp_win.dll
0x00007ffed72e0000 - 0x00007ffed756e000 	C:\windows\WinSxS\amd64_microsoft.windows.common-controls_6595b64144ccf1df_6.0.22621.1635_none_270f70857386168e\COMCTL32.dll
0x00007ffee5ae0000 - 0x00007ffee5b87000 	C:\windows\System32\msvcrt.dll
0x00007ffee5fd0000 - 0x00007ffee6001000 	C:\windows\System32\IMM32.DLL
0x00007ffede240000 - 0x00007ffede24c000 	c:\Users\Administrator\.antigravity\extensions\redhat.java-1.53.0-win32-x64\jre\21.0.10-win32-x86_64\bin\vcruntime140_1.dll
0x00007ffebd510000 - 0x00007ffebd59d000 	c:\Users\Administrator\.antigravity\extensions\redhat.java-1.53.0-win32-x64\jre\21.0.10-win32-x86_64\bin\msvcp140.dll
0x00007ffe2f9f0000 - 0x00007ffe30791000 	c:\Users\Administrator\.antigravity\extensions\redhat.java-1.53.0-win32-x64\jre\21.0.10-win32-x86_64\bin\server\jvm.dll
0x00007ffee53a0000 - 0x00007ffee544e000 	C:\windows\System32\ADVAPI32.dll
0x00007ffee4c70000 - 0x00007ffee4d14000 	C:\windows\System32\sechost.dll
0x00007ffee5840000 - 0x00007ffee5957000 	C:\windows\System32\RPCRT4.dll
0x00007ffee4830000 - 0x00007ffee487d000 	C:\windows\System32\POWRPROF.dll
0x00007ffee5220000 - 0x00007ffee5291000 	C:\windows\System32\WS2_32.dll
0x00007ffedcaf0000 - 0x00007ffedcb24000 	C:\windows\SYSTEM32\WINMM.dll
0x00007ffedd9d0000 - 0x00007ffedd9da000 	C:\windows\SYSTEM32\VERSION.dll
0x00007ffee2f20000 - 0x00007ffee2f33000 	C:\windows\SYSTEM32\UMPDC.dll
0x00007ffee3120000 - 0x00007ffee3138000 	C:\windows\SYSTEM32\kernel.appcore.dll
0x00007ffede230000 - 0x00007ffede23a000 	c:\Users\Administrator\.antigravity\extensions\redhat.java-1.53.0-win32-x64\jre\21.0.10-win32-x86_64\bin\jimage.dll
0x00007ffee1850000 - 0x00007ffee1a7e000 	C:\windows\SYSTEM32\DBGHELP.DLL
0x00007ffee62a0000 - 0x00007ffee6629000 	C:\windows\System32\combase.dll
0x00007ffee5960000 - 0x00007ffee5a37000 	C:\windows\System32\OLEAUT32.dll
0x00007ffed8db0000 - 0x00007ffed8de2000 	C:\windows\SYSTEM32\dbgcore.DLL
0x00007ffee4880000 - 0x00007ffee48fb000 	C:\windows\System32\bcryptPrimitives.dll
0x00007ffede220000 - 0x00007ffede22f000 	c:\Users\Administrator\.antigravity\extensions\redhat.java-1.53.0-win32-x64\jre\21.0.10-win32-x86_64\bin\instrument.dll
0x00007ffec3b80000 - 0x00007ffec3ba0000 	c:\Users\Administrator\.antigravity\extensions\redhat.java-1.53.0-win32-x64\jre\21.0.10-win32-x86_64\bin\java.dll
0x00007ffee6630000 - 0x00007ffee6e2a000 	C:\windows\System32\SHELL32.dll
0x00007ffee2020000 - 0x00007ffee28ee000 	C:\windows\SYSTEM32\windows.storage.dll
0x00007ffee1ee0000 - 0x00007ffee201e000 	C:\windows\SYSTEM32\wintypes.dll
0x00007ffee5450000 - 0x00007ffee5541000 	C:\windows\System32\SHCORE.dll
0x00007ffee6150000 - 0x00007ffee61ae000 	C:\windows\System32\shlwapi.dll
0x00007ffee3f10000 - 0x00007ffee3f31000 	C:\windows\SYSTEM32\profapi.dll
0x00007ffec3a80000 - 0x00007ffec3a98000 	c:\Users\Administrator\.antigravity\extensions\redhat.java-1.53.0-win32-x64\jre\21.0.10-win32-x86_64\bin\zip.dll
0x00007ffec3c00000 - 0x00007ffec3c10000 	C:\Users\Administrator\.antigravity\extensions\redhat.java-1.53.0-win32-x64\jre\21.0.10-win32-x86_64\bin\net.dll
0x00007ffedd2f0000 - 0x00007ffedd427000 	C:\windows\SYSTEM32\WINHTTP.dll
0x00007ffee3590000 - 0x00007ffee35f9000 	C:\windows\system32\mswsock.dll
0x00007ffec2950000 - 0x00007ffec2966000 	C:\Users\Administrator\.antigravity\extensions\redhat.java-1.53.0-win32-x64\jre\21.0.10-win32-x86_64\bin\nio.dll
0x00007ffec3b70000 - 0x00007ffec3b80000 	c:\Users\Administrator\.antigravity\extensions\redhat.java-1.53.0-win32-x64\jre\21.0.10-win32-x86_64\bin\verify.dll
0x00007ffebf8b0000 - 0x00007ffebf8f5000 	C:\Users\Administrator\AppData\Roaming\Antigravity\User\globalStorage\redhat.java\1.53.0\config_win\org.eclipse.equinox.launcher\org.eclipse.equinox.launcher.win32.win32.x86_64_1.3.0.v20260203-2149\eclipse_11919.dll
0x00007ffee5e30000 - 0x00007ffee5fcc000 	C:\windows\System32\ole32.dll
0x00007ffee37f0000 - 0x00007ffee380b000 	C:\windows\SYSTEM32\CRYPTSP.dll
0x00007ffee3090000 - 0x00007ffee30c5000 	C:\windows\system32\rsaenh.dll
0x00007ffee3690000 - 0x00007ffee36b8000 	C:\windows\SYSTEM32\USERENV.dll
0x00007ffee39b0000 - 0x00007ffee39d8000 	C:\windows\SYSTEM32\bcrypt.dll
0x00007ffee3810000 - 0x00007ffee381c000 	C:\windows\SYSTEM32\CRYPTBASE.dll
0x00007ffee2bc0000 - 0x00007ffee2bed000 	C:\windows\SYSTEM32\IPHLPAPI.DLL
0x00007ffee4c60000 - 0x00007ffee4c69000 	C:\windows\System32\NSI.dll
0x00007ffeabad0000 - 0x00007ffeabb19000 	C:\Users\Administrator\AppData\Local\Temp\jna-146731693\jna7923754870248555109.dll
0x00007ffee6010000 - 0x00007ffee6018000 	C:\windows\System32\PSAPI.DLL
0x00007ffede0a0000 - 0x00007ffede0b9000 	C:\windows\SYSTEM32\dhcpcsvc6.DLL
0x00007ffedd9e0000 - 0x00007ffedd9ff000 	C:\windows\SYSTEM32\dhcpcsvc.DLL
0x00007ffec3a70000 - 0x00007ffec3a79000 	C:\Users\Administrator\.antigravity\extensions\redhat.java-1.53.0-win32-x64\jre\21.0.10-win32-x86_64\bin\extnet.dll

JVMTI agents:
c:\Users\Administrator\.antigravity\extensions\redhat.java-1.53.0-win32-x64\lombok\lombok-1.18.39-4050.jar path:c:\Users\Administrator\.antigravity\extensions\redhat.java-1.53.0-win32-x64\jre\21.0.10-win32-x86_64\bin\instrument.dll, loaded, initialized, instrumentlib options:none

dbghelp: loaded successfully - version: 4.0.5 - missing functions: none
symbol engine: initialized successfully - sym options: 0x614 - pdb path: .;c:\Users\Administrator\.antigravity\extensions\redhat.java-1.53.0-win32-x64\jre\21.0.10-win32-x86_64\bin;C:\windows\SYSTEM32;C:\windows\WinSxS\amd64_microsoft.windows.common-controls_6595b64144ccf1df_6.0.22621.1635_none_270f70857386168e;c:\Users\Administrator\.antigravity\extensions\redhat.java-1.53.0-win32-x64\jre\21.0.10-win32-x86_64\bin\server;C:\Users\Administrator\AppData\Roaming\Antigravity\User\globalStorage\redhat.java\1.53.0\config_win\org.eclipse.equinox.launcher\org.eclipse.equinox.launcher.win32.win32.x86_64_1.3.0.v20260203-2149;C:\Users\Administrator\AppData\Local\Temp\jna-146731693

VM Arguments:
jvm_args: --add-modules=ALL-SYSTEM --add-opens=java.base/java.util=ALL-UNNAMED --add-opens=java.base/java.lang=ALL-UNNAMED --add-opens=java.base/sun.nio.fs=ALL-UNNAMED -Declipse.application=org.eclipse.jdt.ls.core.id1 -Dosgi.bundles.defaultStartLevel=4 -Declipse.product=org.eclipse.jdt.ls.core.product -Djava.import.generatesMetadataFilesAtProjectRoot=false -DDetectVMInstallationsJob.disabled=true -Dfile.encoding=utf8 -XX:+UseParallelGC -XX:GCTimeRatio=4 -XX:AdaptiveSizePolicyWeight=90 -Dsun.zip.disableMemoryMapping=true -Xmx2G -Xms100m -Xlog:disable -javaagent:c:\Users\Administrator\.antigravity\extensions\redhat.java-1.53.0-win32-x64\lombok\lombok-1.18.39-4050.jar -XX:+HeapDumpOnOutOfMemoryError -XX:HeapDumpPath=c:\Users\Administrator\AppData\Roaming\Antigravity\User\workspaceStorage\850beaf2ee5b814d691501917badf9ed\redhat.java -Daether.dependencyCollector.impl=bf 
java_command: c:\Users\Administrator\.antigravity\extensions\redhat.java-1.53.0-win32-x64\server\plugins\org.eclipse.equinox.launcher_1.7.100.v20251111-0406.jar -configuration c:\Users\Administrator\AppData\Roaming\Antigravity\User\globalStorage\redhat.java\1.53.0\config_win -data c:\Users\Administrator\AppData\Roaming\Antigravity\User\workspaceStorage\850beaf2ee5b814d691501917badf9ed\redhat.java\jdt_ws --pipe=\\.\pipe\lsp-84e38c23aceb57c4e242e10144bdcb2e-sock
java_class_path (initial): c:\Users\Administrator\.antigravity\extensions\redhat.java-1.53.0-win32-x64\server\plugins\org.eclipse.equinox.launcher_1.7.100.v20251111-0406.jar
Launcher Type: SUN_STANDARD

[Global flags]
    uintx AdaptiveSizePolicyWeight                 = 90                                        {product} {command line}
     intx CICompilerCount                          = 12                                        {product} {ergonomic}
    uintx GCTimeRatio                              = 4                                         {product} {command line}
     bool HeapDumpOnOutOfMemoryError               = true                                   {manageable} {command line}
    ccstr HeapDumpPath                             = c:\Users\Administrator\AppData\Roaming\Antigravity\User\workspaceStorage\850beaf2ee5b814d691501917badf9ed\redhat.java         {manageable} {command line}
   size_t InitialHeapSize                          = 104857600                                 {product} {command line}
   size_t MaxHeapSize                              = 2147483648                                {product} {command line}
   size_t MaxNewSize                               = 715653120                                 {product} {ergonomic}
   size_t MinHeapDeltaBytes                        = 524288                                    {product} {ergonomic}
   size_t MinHeapSize                              = 104857600                                 {product} {command line}
   size_t NewSize                                  = 34603008                                  {product} {ergonomic}
    uintx NonNMethodCodeHeapSize                   = 7602480                                {pd product} {ergonomic}
    uintx NonProfiledCodeHeapSize                  = 122027880                              {pd product} {ergonomic}
   size_t OldSize                                  = 70254592                                  {product} {ergonomic}
    uintx ProfiledCodeHeapSize                     = 122027880                              {pd product} {ergonomic}
    uintx ReservedCodeCacheSize                    = 251658240                              {pd product} {ergonomic}
     bool SegmentedCodeCache                       = true                                      {product} {ergonomic}
   size_t SoftMaxHeapSize                          = 2147483648                             {manageable} {ergonomic}
     bool UseCompressedOops                        = true                           {product lp64_product} {ergonomic}
     bool UseLargePagesIndividualAllocation        = false                                  {pd product} {ergonomic}
     bool UseParallelGC                            = true                                      {product} {command line}

Logging:
Log output configuration:
 #0: stdout all=off uptime,level,tags foldmultilines=false
 #1: stderr all=off uptime,level,tags foldmultilines=false

Release file:
JAVA_VERSION="21.0.10" 
MODULES="java.base java.compiler java.datatransfer java.xml java.prefs java.desktop java.instrument java.logging java.management java.security.sasl java.naming java.rmi java.management.rmi java.net.http java.scripting java.security.jgss java.transaction.xa java.sql java.sql.rowset java.xml.crypto java.se java.smartcardio jdk.accessibility jdk.internal.jvmstat jdk.attach jdk.charsets jdk.internal.opt jdk.zipfs jdk.compiler jdk.crypto.ec jdk.crypto.cryptoki jdk.crypto.mscapi jdk.dynalink jdk.internal.ed jdk.editpad jdk.hotspot.agent jdk.httpserver jdk.internal.le jdk.internal.vm.ci jdk.internal.vm.compiler jdk.internal.vm.compiler.management jdk.jartool jdk.javadoc jdk.jcmd jdk.management jdk.management.agent jdk.jconsole jdk.jdeps jdk.jdwp.agent jdk.jdi jdk.jfr jdk.jshell jdk.jsobject jdk.jstatd jdk.localedata jdk.management.jfr jdk.naming.dns jdk.naming.rmi jdk.net jdk.nio.mapmode jdk.random jdk.sctp jdk.security.auth jdk.security.jgss jdk.unsupported jdk.unsupported.desktop jdk.xml.dom" 

Environment Variables:
JAVA_HOME=C:\Program Files\Eclipse Adoptium\jdk-17.0.18.8-hotspot
PATH=C:\Program Files\Eclipse Adoptium\jdk-17.0.18.8-hotspot\bin;C:\windows\system32;C:\windows;C:\windows\System32\Wbem;C:\windows\System32\WindowsPowerShell\v1.0\;C:\windows\System32\OpenSSH\;C:\Program Files\dotnet\;C:\Program Files\Git\cmd;C:\Program Files (x86)\NVIDIA Corporation\PhysX\Common;C:\Program Files\NVIDIA Corporation\NVIDIA App\NvDLISR;G:\Program Files\nodejs\;C:\Program Files\Cloudflare\Cloudflare WARP\;D:\NodeEnv\npm_global;C:\Users\Administrator\AppData\Local\Android\Sdk\platform-tools;C:\Program Files\Eclipse Adoptium\jdk-17.0.18.8-hotspot\bin;C:\Program Files\Tesseract-OCR;C:\Users\Administrator\.cargo\bin;C:\Users\Administrator\AppData\Local\Programs\Python\Python313\Scripts\;C:\Users\Administrator\AppData\Local\Programs\Python\Python313\;d:\Users\Administrator\AppData\Local\Programs\Trae\bin;C:\Users\Administrator\Tools\node\node-v23.9.0-win-x64;C:\Users\Administrator\Tools\dotnet;C:\Users\Administrator\AppData\Local\Programs\Python\Python310\Scripts\;C:\Users\Administrator\AppData\Local\Programs\Python\Python310\;C:\Users\Administrator\AppData\Local\Microsoft\WindowsApps;C:\Users\Administrator\AppData\Roaming\npm;d:\Users\Administrator\AppData\Local\Programs\CodeBuddy CN\bin;g:\Users\Administrator\AppData\Local\Programs\Antigravity\bin
USERNAME=Administrator
OS=Windows_NT
PROCESSOR_IDENTIFIER=AMD64 Family 23 Model 8 Stepping 2, AuthenticAMD
TMP=C:\Users\Administrator\AppData\Local\Temp
TEMP=C:\Users\Administrator\AppData\Local\Temp




Periodic native trim disabled

---------------  S Y S T E M  ---------------

OS:
 Windows 11 , 64 bit Build 22621 (10.0.22621.1635)
OS uptime: 0 days 17:09 hours
Hyper-V role detected

CPU: total 16 (initial active 16) (16 cores per cpu, 2 threads per core) family 23 model 8 stepping 2 microcode 0x0, cx8, cmov, fxsr, ht, mmx, 3dnowpref, sse, sse2, sse3, ssse3, sse4a, sse4.1, sse4.2, popcnt, lzcnt, tsc, tscinvbit, avx, avx2, aes, clmul, bmi1, bmi2, adx, sha, fma, vzeroupper, clflush, clflushopt, hv, rdtscp, f16c
Processor Information for the first 16 processors :
  Max Mhz: 3700, Current Mhz: 3700, Mhz Limit: 3700

Memory: 4k page, system-wide physical 16332M (488M free)
TotalPageFile size 26572M (AvailPageFile size 5M)
current process WorkingSet (physical memory assigned to process): 229M, peak: 229M
current process commit charge ("private bytes"): 362M, peak: 363M

vm_info: OpenJDK 64-Bit Server VM (21.0.10+7-LTS) for windows-amd64 JRE (21.0.10+7-LTS), built on 2026-01-20T00:00:00Z by "admin" with MS VC++ 17.12 (VS2022)

END.
