Initialising login role...
Connecting to remote database...
Do you want to push these migrations to the remote database?
 • 20240204_fix_club_rls.sql
 • 20240204_fix_club_rls_v2.sql
 • 20260131_fix_mission_id_and_drop_fk.sql
 • 20260131_fix_mission_id_text.sql
 • 20260201_city_system.sql
 • 20260201_club_system.sql
 • 20260201_social_and_profiles.sql
 • 20260201_territory_system.sql
 • 20260202_faction_and_referrals.sql
 • 20260202_seed_missions.sql
 • 20260202_territory_decay.sql
 • 20260203_add_missing_mission_columns.sql
 • 20260203_adjust_xp_rewards.sql
 • 20260203_clean_and_fix_missions.sql
 • 20260203_final_fix_missions.sql
 • 20260203_final_v2_fix_missions.sql
 • 20260203_fix_constraint_and_reset.sql
 • 20260203_fix_missions_id_type.sql
 • 20260203_fix_rls_and_seed.sql
 • 20260203_get_faction_stats_rpc.sql
 • 20260203_reset_all_missions.sql
 • 20260203_reset_all_missions_v2.sql
 • 20260203_restore_mission_fk.sql
 • 20260203_verification_codes.sql
 • 20260204_add_faction_stats_rpc.sql
 • 20260204_add_new_weekly_missions.sql
 • 20260204_fix_club_rls.sql
 • 20260204_optimize_mission_schema.sql
 • 20260205_add_allow_chat.sql
 • 20260205_add_club_avatar_and_visibility.sql
 • 20260205_add_club_columns.sql
 • 20260205_add_is_public_and_counters.sql
 • 20260205_add_missing_club_columns.sql
 • 20260205_add_missing_weekly_missions.sql
 • 20260205_add_referral_system.sql
 • 20260205_add_storage_policies.sql
 • 20260205_admin_rls_policies.sql
 • 20260205_check_is_public.sql
 • 20260205_club_status_and_admins.sql
 • 20260205_create_badges_bucket.sql
 • 20260205_create_notifications_table.sql
 • 20260205_debug_club_rls.sql
 • 20260205_enhance_badges_schema.sql
 • 20260205_fix_club_members_rls.sql
 • 20260205_fix_clubs_schema_and_rls.sql
 • 20260205_fix_missing_status_column.sql
 • 20260205_room_system_upgrade.sql
 • 20260205_user_requested_schema.sql
 • 20260211_optimize_territories.sql
 • 20260212_create_views.sql
 • 20260212_optimize_club_details.sql
 • 20260212_sync_club_id_trigger.sql
 • 20260215_leaderboard_update.sql
 • 20260225_anti_cheat_schema.sql
 • 20260225_device_tokens.sql
 • 20260301_territory_hp_system.sql
 • 20260308_add_voice_messages.sql
 • 20260308_device_tokens_provider.sql
 • 20260309_fix_messages_type.sql
 • 20260309_secure_voice_messages.sql
 • 20260310120000_phase2b1_infrastructure.sql
 • 20260310121000_phase2b2a_abuse_penalties.sql
 • 20260310200000_phase2b2b_exit_purge.sql
 • 20260310_phase2a_territory.sql

 [Y/n] 